2019-09-08 11:27:06 [HikariPool-24 housekeeper] WARN  com.zaxxer.hikari.pool.HikariPool - HikariPool-24 - Thread starvation or clock leap detected (housekeeper delta=11h35m18s953ms321µs742ns).
2019-09-08 11:44:50 [HikariPool-24 housekeeper] WARN  com.zaxxer.hikari.pool.HikariPool - HikariPool-24 - Thread starvation or clock leap detected (housekeeper delta=3m13s540ms400µs446ns).
2019-09-08 13:42:13 [HikariPool-24 housekeeper] WARN  com.zaxxer.hikari.pool.HikariPool - HikariPool-24 - Thread starvation or clock leap detected (housekeeper delta=1h30m22s361ms316µs498ns).
2019-09-08 16:32:38 [HikariPool-24 housekeeper] WARN  com.zaxxer.hikari.pool.HikariPool - HikariPool-24 - Thread starvation or clock leap detected (housekeeper delta=2h50m34s85ms567µs917ns).
2019-09-08 16:34:39 [http-nio-8096-exec-3] INFO  i.s.p.controller.UserController - <-- Inside getAllUsers -->
2019-09-08 16:34:47 [http-nio-8096-exec-4] INFO  i.s.p.controller.UserController - In User Controller - addUser
2019-09-08 16:34:47 [http-nio-8096-exec-5] INFO  i.s.p.controller.UserController - <-- Inside getAllUsers -->
2019-09-08 16:35:45 [http-nio-8096-exec-6] INFO  i.s.p.controller.UserController - <-- Inside getAllUsers -->
2019-09-08 16:35:50 [http-nio-8096-exec-8] INFO  i.s.p.controller.UserController - <-- Inside getAllUsers -->
2019-09-08 16:38:21 [Thread-134] INFO  o.s.s.c.ThreadPoolTaskExecutor - Shutting down ExecutorService 'applicationTaskExecutor'
2019-09-08 16:38:21 [Thread-134] INFO  o.s.o.j.LocalContainerEntityManagerFactoryBean - Closing JPA EntityManagerFactory for persistence unit 'default'
2019-09-08 16:38:21 [Thread-134] INFO  com.zaxxer.hikari.HikariDataSource - HikariPool-24 - Shutdown initiated...
2019-09-08 16:38:21 [Thread-134] INFO  com.zaxxer.hikari.HikariDataSource - HikariPool-24 - Shutdown completed.
2019-09-08 16:38:22 [restartedMain] INFO  i.s.p.ProjectmanagerApplication - Starting ProjectmanagerApplication on LAPTOP-460LOMEB with PID 5684 (started by alokt in C:\FSE\Final Project\projectmanager\projectmanager)
2019-09-08 16:38:22 [restartedMain] INFO  i.s.p.ProjectmanagerApplication - No active profile set, falling back to default profiles: default
2019-09-08 16:38:22 [restartedMain] INFO  o.s.d.r.c.RepositoryConfigurationDelegate - Bootstrapping Spring Data repositories in DEFAULT mode.
2019-09-08 16:38:22 [restartedMain] INFO  o.s.d.r.c.RepositoryConfigurationDelegate - Finished Spring Data repository scanning in 28ms. Found 4 repository interfaces.
2019-09-08 16:38:22 [restartedMain] INFO  o.s.c.s.PostProcessorRegistrationDelegate$BeanPostProcessorChecker - Bean 'org.springframework.transaction.annotation.ProxyTransactionManagementConfiguration' of type [org.springframework.transaction.annotation.ProxyTransactionManagementConfiguration$$EnhancerBySpringCGLIB$$7d4f46fe] is not eligible for getting processed by all BeanPostProcessors (for example: not eligible for auto-proxying)
2019-09-08 16:38:23 [restartedMain] INFO  o.s.b.w.e.tomcat.TomcatWebServer - Tomcat initialized with port(s): 8096 (http)
2019-09-08 16:38:23 [restartedMain] INFO  o.a.catalina.core.StandardService - Starting service [Tomcat]
2019-09-08 16:38:23 [restartedMain] INFO  o.a.catalina.core.StandardEngine - Starting Servlet engine: [Apache Tomcat/9.0.22]
2019-09-08 16:38:23 [restartedMain] INFO  o.a.c.c.C.[Tomcat-2].[localhost].[/] - Initializing Spring embedded WebApplicationContext
2019-09-08 16:38:23 [restartedMain] INFO  o.s.web.context.ContextLoader - Root WebApplicationContext: initialization completed in 687 ms
2019-09-08 16:38:23 [restartedMain] INFO  com.zaxxer.hikari.HikariDataSource - HikariPool-25 - Starting...
2019-09-08 16:38:23 [restartedMain] WARN  c.z.hikari.util.DriverDataSource - Registered driver with driverClassName=com.mysql.jdbc.Driver was not found, trying direct instantiation.
2019-09-08 16:38:23 [restartedMain] INFO  com.zaxxer.hikari.HikariDataSource - HikariPool-25 - Start completed.
2019-09-08 16:38:23 [restartedMain] INFO  o.h.jpa.internal.util.LogHelper - HHH000204: Processing PersistenceUnitInfo [
	name: default
	...]
2019-09-08 16:38:23 [restartedMain] INFO  org.hibernate.dialect.Dialect - HHH000400: Using dialect: org.hibernate.dialect.MySQL5InnoDBDialect
2019-09-08 16:38:23 [restartedMain] INFO  o.h.t.s.internal.SchemaCreatorImpl - HHH000476: Executing import script 'org.hibernate.tool.schema.internal.exec.ScriptSourceInputNonExistentImpl@5ae65313'
2019-09-08 16:38:23 [restartedMain] INFO  o.s.o.j.LocalContainerEntityManagerFactoryBean - Initialized JPA EntityManagerFactory for persistence unit 'default'
2019-09-08 16:38:23 [restartedMain] WARN  o.s.b.d.a.OptionalLiveReloadServer - Unable to start LiveReload server
2019-09-08 16:38:23 [restartedMain] INFO  o.s.s.c.ThreadPoolTaskExecutor - Initializing ExecutorService 'applicationTaskExecutor'
2019-09-08 16:38:23 [restartedMain] WARN  o.s.b.a.o.j.JpaBaseConfiguration$JpaWebConfiguration$JpaWebMvcConfiguration - spring.jpa.open-in-view is enabled by default. Therefore, database queries may be performed during view rendering. Explicitly configure spring.jpa.open-in-view to disable this warning
2019-09-08 16:38:23 [restartedMain] INFO  o.s.b.w.e.tomcat.TomcatWebServer - Tomcat started on port(s): 8096 (http) with context path ''
2019-09-08 16:38:23 [restartedMain] INFO  i.s.p.ProjectmanagerApplication - Started ProjectmanagerApplication in 1.348 seconds (JVM running for 178978.675)
2019-09-08 16:38:23 [restartedMain] INFO  o.s.b.d.a.ConditionEvaluationDeltaLoggingListener - Condition evaluation unchanged
2019-09-08 16:39:14 [http-nio-8096-exec-1] INFO  o.a.c.c.C.[Tomcat-2].[localhost].[/] - Initializing Spring DispatcherServlet 'dispatcherServlet'
2019-09-08 16:39:14 [http-nio-8096-exec-1] INFO  o.s.web.servlet.DispatcherServlet - Initializing Servlet 'dispatcherServlet'
2019-09-08 16:39:14 [http-nio-8096-exec-1] INFO  o.s.web.servlet.DispatcherServlet - Completed initialization in 4 ms
2019-09-08 16:39:14 [http-nio-8096-exec-1] INFO  i.s.p.controller.UserController - <-- Inside getAllUsers -->
2019-09-08 16:39:14 [http-nio-8096-exec-1] INFO  o.h.h.i.QueryTranslatorFactoryInitiator - HHH000397: Using ASTQueryTranslatorFactory
2019-09-08 16:39:29 [http-nio-8096-exec-2] INFO  i.s.p.controller.UserController - In User Controller - addUser
2019-09-08 16:39:29 [http-nio-8096-exec-5] INFO  i.s.p.controller.UserController - <-- Inside getAllUsers -->
2019-09-08 16:40:19 [http-nio-8096-exec-3] INFO  i.s.p.controller.UserController - In User Controller - addUser
2019-09-08 16:40:19 [http-nio-8096-exec-8] INFO  i.s.p.controller.UserController - <-- Inside getAllUsers -->
2019-09-08 16:40:24 [http-nio-8096-exec-9] INFO  i.s.p.controller.UserController - In User Controller - addUser
2019-09-08 16:40:24 [http-nio-8096-exec-6] INFO  i.s.p.controller.UserController - <-- Inside getAllUsers -->
2019-09-08 16:40:29 [http-nio-8096-exec-7] INFO  i.s.p.controller.UserController - In User Controller - addUser
2019-09-08 16:40:29 [http-nio-8096-exec-10] INFO  i.s.p.controller.UserController - <-- Inside getAllUsers -->
2019-09-08 16:40:36 [http-nio-8096-exec-1] INFO  i.s.p.controller.UserController - In User Controller - addUser
2019-09-08 16:40:36 [http-nio-8096-exec-4] INFO  i.s.p.controller.UserController - <-- Inside getAllUsers -->
2019-09-08 16:41:40 [Thread-140] INFO  o.s.s.c.ThreadPoolTaskExecutor - Shutting down ExecutorService 'applicationTaskExecutor'
2019-09-08 16:41:40 [Thread-140] INFO  o.s.o.j.LocalContainerEntityManagerFactoryBean - Closing JPA EntityManagerFactory for persistence unit 'default'
2019-09-08 16:41:40 [Thread-140] INFO  com.zaxxer.hikari.HikariDataSource - HikariPool-25 - Shutdown initiated...
2019-09-08 16:41:40 [Thread-140] INFO  com.zaxxer.hikari.HikariDataSource - HikariPool-25 - Shutdown completed.
2019-09-08 16:41:41 [restartedMain] INFO  i.s.p.ProjectmanagerApplication - Starting ProjectmanagerApplication on LAPTOP-460LOMEB with PID 5684 (started by alokt in C:\FSE\Final Project\projectmanager\projectmanager)
2019-09-08 16:41:41 [restartedMain] INFO  i.s.p.ProjectmanagerApplication - No active profile set, falling back to default profiles: default
2019-09-08 16:41:41 [restartedMain] INFO  o.s.d.r.c.RepositoryConfigurationDelegate - Bootstrapping Spring Data repositories in DEFAULT mode.
2019-09-08 16:41:41 [restartedMain] INFO  o.s.d.r.c.RepositoryConfigurationDelegate - Finished Spring Data repository scanning in 31ms. Found 4 repository interfaces.
2019-09-08 16:41:41 [restartedMain] INFO  o.s.c.s.PostProcessorRegistrationDelegate$BeanPostProcessorChecker - Bean 'org.springframework.transaction.annotation.ProxyTransactionManagementConfiguration' of type [org.springframework.transaction.annotation.ProxyTransactionManagementConfiguration$$EnhancerBySpringCGLIB$$7d4f46fe] is not eligible for getting processed by all BeanPostProcessors (for example: not eligible for auto-proxying)
2019-09-08 16:41:41 [restartedMain] INFO  o.s.b.w.e.tomcat.TomcatWebServer - Tomcat initialized with port(s): 8096 (http)
2019-09-08 16:41:41 [restartedMain] INFO  o.a.catalina.core.StandardService - Starting service [Tomcat]
2019-09-08 16:41:41 [restartedMain] INFO  o.a.catalina.core.StandardEngine - Starting Servlet engine: [Apache Tomcat/9.0.22]
2019-09-08 16:41:41 [restartedMain] INFO  o.a.c.c.C.[Tomcat-2].[localhost].[/] - Initializing Spring embedded WebApplicationContext
2019-09-08 16:41:41 [restartedMain] INFO  o.s.web.context.ContextLoader - Root WebApplicationContext: initialization completed in 440 ms
2019-09-08 16:41:41 [restartedMain] INFO  com.zaxxer.hikari.HikariDataSource - HikariPool-26 - Starting...
2019-09-08 16:41:41 [restartedMain] WARN  c.z.hikari.util.DriverDataSource - Registered driver with driverClassName=com.mysql.jdbc.Driver was not found, trying direct instantiation.
2019-09-08 16:41:41 [restartedMain] INFO  com.zaxxer.hikari.HikariDataSource - HikariPool-26 - Start completed.
2019-09-08 16:41:41 [restartedMain] INFO  o.h.jpa.internal.util.LogHelper - HHH000204: Processing PersistenceUnitInfo [
	name: default
	...]
2019-09-08 16:41:41 [restartedMain] INFO  org.hibernate.dialect.Dialect - HHH000400: Using dialect: org.hibernate.dialect.MySQL5InnoDBDialect
2019-09-08 16:41:41 [restartedMain] INFO  o.h.t.s.internal.SchemaCreatorImpl - HHH000476: Executing import script 'org.hibernate.tool.schema.internal.exec.ScriptSourceInputNonExistentImpl@5ae65313'
2019-09-08 16:41:41 [restartedMain] INFO  o.s.o.j.LocalContainerEntityManagerFactoryBean - Initialized JPA EntityManagerFactory for persistence unit 'default'
2019-09-08 16:41:41 [restartedMain] WARN  o.s.b.d.a.OptionalLiveReloadServer - Unable to start LiveReload server
2019-09-08 16:41:42 [restartedMain] INFO  o.s.s.c.ThreadPoolTaskExecutor - Initializing ExecutorService 'applicationTaskExecutor'
2019-09-08 16:41:42 [restartedMain] WARN  o.s.b.a.o.j.JpaBaseConfiguration$JpaWebConfiguration$JpaWebMvcConfiguration - spring.jpa.open-in-view is enabled by default. Therefore, database queries may be performed during view rendering. Explicitly configure spring.jpa.open-in-view to disable this warning
2019-09-08 16:41:42 [restartedMain] INFO  o.s.b.w.e.tomcat.TomcatWebServer - Tomcat started on port(s): 8096 (http) with context path ''
2019-09-08 16:41:42 [restartedMain] INFO  i.s.p.ProjectmanagerApplication - Started ProjectmanagerApplication in 1.034 seconds (JVM running for 179177.265)
2019-09-08 16:41:42 [restartedMain] INFO  o.s.b.d.a.ConditionEvaluationDeltaLoggingListener - Condition evaluation unchanged
2019-09-08 16:41:47 [http-nio-8096-exec-1] INFO  o.a.c.c.C.[Tomcat-2].[localhost].[/] - Initializing Spring DispatcherServlet 'dispatcherServlet'
2019-09-08 16:41:47 [http-nio-8096-exec-1] INFO  o.s.web.servlet.DispatcherServlet - Initializing Servlet 'dispatcherServlet'
2019-09-08 16:41:47 [http-nio-8096-exec-1] INFO  o.s.web.servlet.DispatcherServlet - Completed initialization in 4 ms
2019-09-08 16:41:47 [http-nio-8096-exec-1] INFO  i.s.p.controller.UserController - <-- Inside getAllUsers -->
2019-09-08 16:41:47 [http-nio-8096-exec-1] INFO  o.h.h.i.QueryTranslatorFactoryInitiator - HHH000397: Using ASTQueryTranslatorFactory
2019-09-08 16:42:16 [Thread-146] INFO  o.s.s.c.ThreadPoolTaskExecutor - Shutting down ExecutorService 'applicationTaskExecutor'
2019-09-08 16:42:16 [Thread-146] INFO  o.s.o.j.LocalContainerEntityManagerFactoryBean - Closing JPA EntityManagerFactory for persistence unit 'default'
2019-09-08 16:42:16 [Thread-146] INFO  com.zaxxer.hikari.HikariDataSource - HikariPool-26 - Shutdown initiated...
2019-09-08 16:42:16 [Thread-146] INFO  com.zaxxer.hikari.HikariDataSource - HikariPool-26 - Shutdown completed.
2019-09-08 16:42:17 [restartedMain] INFO  i.s.p.ProjectmanagerApplication - Starting ProjectmanagerApplication on LAPTOP-460LOMEB with PID 5684 (started by alokt in C:\FSE\Final Project\projectmanager\projectmanager)
2019-09-08 16:42:17 [restartedMain] INFO  i.s.p.ProjectmanagerApplication - No active profile set, falling back to default profiles: default
2019-09-08 16:42:17 [restartedMain] INFO  o.s.d.r.c.RepositoryConfigurationDelegate - Bootstrapping Spring Data repositories in DEFAULT mode.
2019-09-08 16:42:17 [restartedMain] INFO  o.s.d.r.c.RepositoryConfigurationDelegate - Finished Spring Data repository scanning in 24ms. Found 4 repository interfaces.
2019-09-08 16:42:17 [restartedMain] INFO  o.s.c.s.PostProcessorRegistrationDelegate$BeanPostProcessorChecker - Bean 'org.springframework.transaction.annotation.ProxyTransactionManagementConfiguration' of type [org.springframework.transaction.annotation.ProxyTransactionManagementConfiguration$$EnhancerBySpringCGLIB$$7d4f46fe] is not eligible for getting processed by all BeanPostProcessors (for example: not eligible for auto-proxying)
2019-09-08 16:42:17 [restartedMain] INFO  o.s.b.w.e.tomcat.TomcatWebServer - Tomcat initialized with port(s): 8096 (http)
2019-09-08 16:42:17 [restartedMain] INFO  o.a.catalina.core.StandardService - Starting service [Tomcat]
2019-09-08 16:42:17 [restartedMain] INFO  o.a.catalina.core.StandardEngine - Starting Servlet engine: [Apache Tomcat/9.0.22]
2019-09-08 16:42:17 [restartedMain] INFO  o.a.c.c.C.[Tomcat-2].[localhost].[/] - Initializing Spring embedded WebApplicationContext
2019-09-08 16:42:17 [restartedMain] INFO  o.s.web.context.ContextLoader - Root WebApplicationContext: initialization completed in 391 ms
2019-09-08 16:42:17 [restartedMain] INFO  com.zaxxer.hikari.HikariDataSource - HikariPool-27 - Starting...
2019-09-08 16:42:17 [restartedMain] WARN  c.z.hikari.util.DriverDataSource - Registered driver with driverClassName=com.mysql.jdbc.Driver was not found, trying direct instantiation.
2019-09-08 16:42:17 [restartedMain] INFO  com.zaxxer.hikari.HikariDataSource - HikariPool-27 - Start completed.
2019-09-08 16:42:17 [restartedMain] INFO  o.h.jpa.internal.util.LogHelper - HHH000204: Processing PersistenceUnitInfo [
	name: default
	...]
2019-09-08 16:42:17 [restartedMain] INFO  org.hibernate.dialect.Dialect - HHH000400: Using dialect: org.hibernate.dialect.MySQL5InnoDBDialect
2019-09-08 16:42:17 [restartedMain] INFO  o.h.t.s.internal.SchemaCreatorImpl - HHH000476: Executing import script 'org.hibernate.tool.schema.internal.exec.ScriptSourceInputNonExistentImpl@5ae65313'
2019-09-08 16:42:17 [restartedMain] INFO  o.s.o.j.LocalContainerEntityManagerFactoryBean - Initialized JPA EntityManagerFactory for persistence unit 'default'
2019-09-08 16:42:17 [restartedMain] WARN  o.s.b.d.a.OptionalLiveReloadServer - Unable to start LiveReload server
2019-09-08 16:42:18 [restartedMain] INFO  o.s.s.c.ThreadPoolTaskExecutor - Initializing ExecutorService 'applicationTaskExecutor'
2019-09-08 16:42:18 [restartedMain] WARN  o.s.b.a.o.j.JpaBaseConfiguration$JpaWebConfiguration$JpaWebMvcConfiguration - spring.jpa.open-in-view is enabled by default. Therefore, database queries may be performed during view rendering. Explicitly configure spring.jpa.open-in-view to disable this warning
2019-09-08 16:42:18 [restartedMain] INFO  o.s.b.w.e.tomcat.TomcatWebServer - Tomcat started on port(s): 8096 (http) with context path ''
2019-09-08 16:42:18 [restartedMain] INFO  i.s.p.ProjectmanagerApplication - Started ProjectmanagerApplication in 1.006 seconds (JVM running for 179213.195)
2019-09-08 16:42:18 [restartedMain] INFO  o.s.b.d.a.ConditionEvaluationDeltaLoggingListener - Condition evaluation unchanged
2019-09-08 16:42:26 [Thread-152] INFO  o.s.s.c.ThreadPoolTaskExecutor - Shutting down ExecutorService 'applicationTaskExecutor'
2019-09-08 16:42:26 [Thread-152] INFO  o.s.o.j.LocalContainerEntityManagerFactoryBean - Closing JPA EntityManagerFactory for persistence unit 'default'
2019-09-08 16:42:26 [Thread-152] INFO  com.zaxxer.hikari.HikariDataSource - HikariPool-27 - Shutdown initiated...
2019-09-08 16:42:26 [Thread-152] INFO  com.zaxxer.hikari.HikariDataSource - HikariPool-27 - Shutdown completed.
2019-09-08 16:42:27 [restartedMain] INFO  i.s.p.ProjectmanagerApplication - Starting ProjectmanagerApplication on LAPTOP-460LOMEB with PID 5684 (started by alokt in C:\FSE\Final Project\projectmanager\projectmanager)
2019-09-08 16:42:27 [restartedMain] INFO  i.s.p.ProjectmanagerApplication - No active profile set, falling back to default profiles: default
2019-09-08 16:42:27 [restartedMain] INFO  o.s.d.r.c.RepositoryConfigurationDelegate - Bootstrapping Spring Data repositories in DEFAULT mode.
2019-09-08 16:42:27 [restartedMain] INFO  o.s.d.r.c.RepositoryConfigurationDelegate - Finished Spring Data repository scanning in 25ms. Found 4 repository interfaces.
2019-09-08 16:42:27 [restartedMain] INFO  o.s.c.s.PostProcessorRegistrationDelegate$BeanPostProcessorChecker - Bean 'org.springframework.transaction.annotation.ProxyTransactionManagementConfiguration' of type [org.springframework.transaction.annotation.ProxyTransactionManagementConfiguration$$EnhancerBySpringCGLIB$$7d4f46fe] is not eligible for getting processed by all BeanPostProcessors (for example: not eligible for auto-proxying)
2019-09-08 16:42:27 [restartedMain] INFO  o.s.b.w.e.tomcat.TomcatWebServer - Tomcat initialized with port(s): 8096 (http)
2019-09-08 16:42:27 [restartedMain] INFO  o.a.catalina.core.StandardService - Starting service [Tomcat]
2019-09-08 16:42:27 [restartedMain] INFO  o.a.catalina.core.StandardEngine - Starting Servlet engine: [Apache Tomcat/9.0.22]
2019-09-08 16:42:27 [restartedMain] INFO  o.a.c.c.C.[Tomcat-2].[localhost].[/] - Initializing Spring embedded WebApplicationContext
2019-09-08 16:42:27 [restartedMain] INFO  o.s.web.context.ContextLoader - Root WebApplicationContext: initialization completed in 431 ms
2019-09-08 16:42:27 [restartedMain] INFO  com.zaxxer.hikari.HikariDataSource - HikariPool-28 - Starting...
2019-09-08 16:42:27 [restartedMain] WARN  c.z.hikari.util.DriverDataSource - Registered driver with driverClassName=com.mysql.jdbc.Driver was not found, trying direct instantiation.
2019-09-08 16:42:27 [restartedMain] INFO  com.zaxxer.hikari.HikariDataSource - HikariPool-28 - Start completed.
2019-09-08 16:42:27 [restartedMain] INFO  o.h.jpa.internal.util.LogHelper - HHH000204: Processing PersistenceUnitInfo [
	name: default
	...]
2019-09-08 16:42:27 [restartedMain] INFO  org.hibernate.dialect.Dialect - HHH000400: Using dialect: org.hibernate.dialect.MySQL5InnoDBDialect
2019-09-08 16:42:27 [restartedMain] INFO  o.s.o.j.LocalContainerEntityManagerFactoryBean - Initialized JPA EntityManagerFactory for persistence unit 'default'
2019-09-08 16:42:27 [restartedMain] INFO  o.s.s.c.ThreadPoolTaskExecutor - Initializing ExecutorService 'applicationTaskExecutor'
2019-09-08 16:42:27 [restartedMain] WARN  o.s.b.a.o.j.JpaBaseConfiguration$JpaWebConfiguration$JpaWebMvcConfiguration - spring.jpa.open-in-view is enabled by default. Therefore, database queries may be performed during view rendering. Explicitly configure spring.jpa.open-in-view to disable this warning
2019-09-08 16:42:27 [restartedMain] WARN  o.s.b.d.a.OptionalLiveReloadServer - Unable to start LiveReload server
2019-09-08 16:42:27 [restartedMain] INFO  o.s.b.w.e.tomcat.TomcatWebServer - Tomcat started on port(s): 8096 (http) with context path ''
2019-09-08 16:42:27 [restartedMain] INFO  i.s.p.ProjectmanagerApplication - Started ProjectmanagerApplication in 0.827 seconds (JVM running for 179222.981)
2019-09-08 16:42:27 [restartedMain] INFO  o.s.b.d.a.ConditionEvaluationDeltaLoggingListener - Condition evaluation unchanged
2019-09-08 16:46:03 [http-nio-8096-exec-1] INFO  o.a.c.c.C.[Tomcat-2].[localhost].[/] - Initializing Spring DispatcherServlet 'dispatcherServlet'
2019-09-08 16:46:03 [http-nio-8096-exec-1] INFO  o.s.web.servlet.DispatcherServlet - Initializing Servlet 'dispatcherServlet'
2019-09-08 16:46:03 [http-nio-8096-exec-1] INFO  o.s.web.servlet.DispatcherServlet - Completed initialization in 3 ms
2019-09-08 16:46:03 [http-nio-8096-exec-1] INFO  i.s.p.controller.UserController - <-- Inside getAllUsers -->
2019-09-08 16:46:03 [http-nio-8096-exec-1] INFO  o.h.h.i.QueryTranslatorFactoryInitiator - HHH000397: Using ASTQueryTranslatorFactory
2019-09-08 16:46:09 [http-nio-8096-exec-2] INFO  i.s.p.controller.UserController - In User Controller - addUser
2019-09-08 16:46:09 [http-nio-8096-exec-3] INFO  i.s.p.controller.UserController - <-- Inside getAllUsers -->
2019-09-08 16:46:23 [http-nio-8096-exec-4] INFO  i.s.p.controller.UserController - <-- Inside getAllUsers -->
2019-09-08 16:46:42 [http-nio-8096-exec-5] INFO  i.s.p.controller.UserController - In User Controller - addUser
2019-09-08 16:46:42 [http-nio-8096-exec-6] INFO  i.s.p.controller.UserController - <-- Inside getAllUsers -->
2019-09-08 16:47:15 [http-nio-8096-exec-7] INFO  i.s.p.controller.UserController - <-- Inside getAllUsers -->
2019-09-08 16:47:58 [http-nio-8096-exec-8] INFO  i.s.p.controller.UserController - <-- Inside getAllUsers -->
2019-09-08 16:48:08 [http-nio-8096-exec-9] INFO  i.s.p.controller.UserController - In User Controller - addUser
2019-09-08 16:48:08 [http-nio-8096-exec-10] INFO  i.s.p.controller.UserController - <-- Inside getAllUsers -->
2019-09-08 16:48:16 [http-nio-8096-exec-1] INFO  i.s.p.controller.UserController - In User Controller - addUser
2019-09-08 16:48:16 [http-nio-8096-exec-2] INFO  i.s.p.controller.UserController - <-- Inside getAllUsers -->
2019-09-08 16:48:23 [http-nio-8096-exec-3] INFO  i.s.p.controller.UserController - In User Controller - addUser
2019-09-08 16:48:23 [http-nio-8096-exec-4] INFO  i.s.p.controller.UserController - <-- Inside getAllUsers -->
2019-09-08 16:48:29 [http-nio-8096-exec-5] INFO  i.s.p.controller.UserController - In User Controller - addUser
2019-09-08 16:48:29 [http-nio-8096-exec-6] INFO  i.s.p.controller.UserController - <-- Inside getAllUsers -->
2019-09-08 16:49:28 [Thread-158] INFO  o.s.s.c.ThreadPoolTaskExecutor - Shutting down ExecutorService 'applicationTaskExecutor'
2019-09-08 16:49:28 [Thread-158] INFO  o.s.o.j.LocalContainerEntityManagerFactoryBean - Closing JPA EntityManagerFactory for persistence unit 'default'
2019-09-08 16:49:28 [Thread-158] INFO  com.zaxxer.hikari.HikariDataSource - HikariPool-28 - Shutdown initiated...
2019-09-08 16:49:28 [Thread-158] INFO  com.zaxxer.hikari.HikariDataSource - HikariPool-28 - Shutdown completed.
2019-09-08 16:49:28 [restartedMain] INFO  i.s.p.ProjectmanagerApplication - Starting ProjectmanagerApplication on LAPTOP-460LOMEB with PID 5684 (started by alokt in C:\FSE\Final Project\projectmanager\projectmanager)
2019-09-08 16:49:28 [restartedMain] INFO  i.s.p.ProjectmanagerApplication - No active profile set, falling back to default profiles: default
2019-09-08 16:49:29 [restartedMain] INFO  o.s.d.r.c.RepositoryConfigurationDelegate - Bootstrapping Spring Data repositories in DEFAULT mode.
2019-09-08 16:49:29 [restartedMain] INFO  o.s.d.r.c.RepositoryConfigurationDelegate - Finished Spring Data repository scanning in 27ms. Found 4 repository interfaces.
2019-09-08 16:49:29 [restartedMain] INFO  o.s.c.s.PostProcessorRegistrationDelegate$BeanPostProcessorChecker - Bean 'org.springframework.transaction.annotation.ProxyTransactionManagementConfiguration' of type [org.springframework.transaction.annotation.ProxyTransactionManagementConfiguration$$EnhancerBySpringCGLIB$$7d4f46fe] is not eligible for getting processed by all BeanPostProcessors (for example: not eligible for auto-proxying)
2019-09-08 16:49:29 [restartedMain] INFO  o.s.b.w.e.tomcat.TomcatWebServer - Tomcat initialized with port(s): 8096 (http)
2019-09-08 16:49:29 [restartedMain] INFO  o.a.catalina.core.StandardService - Starting service [Tomcat]
2019-09-08 16:49:29 [restartedMain] INFO  o.a.catalina.core.StandardEngine - Starting Servlet engine: [Apache Tomcat/9.0.22]
2019-09-08 16:49:29 [restartedMain] INFO  o.a.c.c.C.[Tomcat-2].[localhost].[/] - Initializing Spring embedded WebApplicationContext
2019-09-08 16:49:29 [restartedMain] INFO  o.s.web.context.ContextLoader - Root WebApplicationContext: initialization completed in 445 ms
2019-09-08 16:49:29 [restartedMain] INFO  com.zaxxer.hikari.HikariDataSource - HikariPool-29 - Starting...
2019-09-08 16:49:29 [restartedMain] WARN  c.z.hikari.util.DriverDataSource - Registered driver with driverClassName=com.mysql.jdbc.Driver was not found, trying direct instantiation.
2019-09-08 16:49:29 [restartedMain] INFO  com.zaxxer.hikari.HikariDataSource - HikariPool-29 - Start completed.
2019-09-08 16:49:29 [restartedMain] INFO  o.h.jpa.internal.util.LogHelper - HHH000204: Processing PersistenceUnitInfo [
	name: default
	...]
2019-09-08 16:49:29 [restartedMain] INFO  org.hibernate.dialect.Dialect - HHH000400: Using dialect: org.hibernate.dialect.MySQL5InnoDBDialect
2019-09-08 16:49:29 [restartedMain] INFO  o.s.o.j.LocalContainerEntityManagerFactoryBean - Initialized JPA EntityManagerFactory for persistence unit 'default'
2019-09-08 16:49:29 [restartedMain] INFO  o.s.s.c.ThreadPoolTaskExecutor - Initializing ExecutorService 'applicationTaskExecutor'
2019-09-08 16:49:29 [restartedMain] WARN  o.s.b.a.o.j.JpaBaseConfiguration$JpaWebConfiguration$JpaWebMvcConfiguration - spring.jpa.open-in-view is enabled by default. Therefore, database queries may be performed during view rendering. Explicitly configure spring.jpa.open-in-view to disable this warning
2019-09-08 16:49:29 [restartedMain] WARN  o.s.b.d.a.OptionalLiveReloadServer - Unable to start LiveReload server
2019-09-08 16:49:29 [restartedMain] INFO  o.s.b.w.e.tomcat.TomcatWebServer - Tomcat started on port(s): 8096 (http) with context path ''
2019-09-08 16:49:29 [restartedMain] INFO  i.s.p.ProjectmanagerApplication - Started ProjectmanagerApplication in 1.029 seconds (JVM running for 179644.94)
2019-09-08 16:49:29 [restartedMain] INFO  o.s.b.d.a.ConditionEvaluationDeltaLoggingListener - Condition evaluation unchanged
2019-09-08 16:49:32 [http-nio-8096-exec-2] INFO  o.a.c.c.C.[Tomcat-2].[localhost].[/] - Initializing Spring DispatcherServlet 'dispatcherServlet'
2019-09-08 16:49:32 [http-nio-8096-exec-2] INFO  o.s.web.servlet.DispatcherServlet - Initializing Servlet 'dispatcherServlet'
2019-09-08 16:49:32 [http-nio-8096-exec-2] INFO  o.s.web.servlet.DispatcherServlet - Completed initialization in 3 ms
2019-09-08 16:49:32 [http-nio-8096-exec-2] INFO  i.s.p.controller.UserController - <-- Inside getAllUsers -->
2019-09-08 16:49:32 [http-nio-8096-exec-2] INFO  o.h.h.i.QueryTranslatorFactoryInitiator - HHH000397: Using ASTQueryTranslatorFactory
2019-09-08 16:50:05 [Thread-164] INFO  o.s.s.c.ThreadPoolTaskExecutor - Shutting down ExecutorService 'applicationTaskExecutor'
2019-09-08 16:50:05 [Thread-164] INFO  o.s.o.j.LocalContainerEntityManagerFactoryBean - Closing JPA EntityManagerFactory for persistence unit 'default'
2019-09-08 16:50:05 [Thread-164] INFO  com.zaxxer.hikari.HikariDataSource - HikariPool-29 - Shutdown initiated...
2019-09-08 16:50:05 [Thread-164] INFO  com.zaxxer.hikari.HikariDataSource - HikariPool-29 - Shutdown completed.
2019-09-08 16:50:05 [restartedMain] INFO  i.s.p.ProjectmanagerApplication - Starting ProjectmanagerApplication on LAPTOP-460LOMEB with PID 5684 (started by alokt in C:\FSE\Final Project\projectmanager\projectmanager)
2019-09-08 16:50:05 [restartedMain] INFO  i.s.p.ProjectmanagerApplication - No active profile set, falling back to default profiles: default
2019-09-08 16:50:06 [restartedMain] INFO  o.s.d.r.c.RepositoryConfigurationDelegate - Bootstrapping Spring Data repositories in DEFAULT mode.
2019-09-08 16:50:06 [restartedMain] INFO  o.s.d.r.c.RepositoryConfigurationDelegate - Finished Spring Data repository scanning in 21ms. Found 4 repository interfaces.
2019-09-08 16:50:06 [restartedMain] INFO  o.s.c.s.PostProcessorRegistrationDelegate$BeanPostProcessorChecker - Bean 'org.springframework.transaction.annotation.ProxyTransactionManagementConfiguration' of type [org.springframework.transaction.annotation.ProxyTransactionManagementConfiguration$$EnhancerBySpringCGLIB$$7d4f46fe] is not eligible for getting processed by all BeanPostProcessors (for example: not eligible for auto-proxying)
2019-09-08 16:50:06 [restartedMain] INFO  o.s.b.w.e.tomcat.TomcatWebServer - Tomcat initialized with port(s): 8096 (http)
2019-09-08 16:50:06 [restartedMain] INFO  o.a.catalina.core.StandardService - Starting service [Tomcat]
2019-09-08 16:50:06 [restartedMain] INFO  o.a.catalina.core.StandardEngine - Starting Servlet engine: [Apache Tomcat/9.0.22]
2019-09-08 16:50:06 [restartedMain] INFO  o.a.c.c.C.[Tomcat-2].[localhost].[/] - Initializing Spring embedded WebApplicationContext
2019-09-08 16:50:06 [restartedMain] INFO  o.s.web.context.ContextLoader - Root WebApplicationContext: initialization completed in 388 ms
2019-09-08 16:50:06 [restartedMain] INFO  com.zaxxer.hikari.HikariDataSource - HikariPool-30 - Starting...
2019-09-08 16:50:06 [restartedMain] WARN  c.z.hikari.util.DriverDataSource - Registered driver with driverClassName=com.mysql.jdbc.Driver was not found, trying direct instantiation.
2019-09-08 16:50:06 [restartedMain] INFO  com.zaxxer.hikari.HikariDataSource - HikariPool-30 - Start completed.
2019-09-08 16:50:06 [restartedMain] INFO  o.h.jpa.internal.util.LogHelper - HHH000204: Processing PersistenceUnitInfo [
	name: default
	...]
2019-09-08 16:50:06 [restartedMain] INFO  org.hibernate.dialect.Dialect - HHH000400: Using dialect: org.hibernate.dialect.MySQL5InnoDBDialect
2019-09-08 16:50:06 [restartedMain] INFO  o.s.o.j.LocalContainerEntityManagerFactoryBean - Initialized JPA EntityManagerFactory for persistence unit 'default'
2019-09-08 16:50:06 [restartedMain] INFO  o.s.s.c.ThreadPoolTaskExecutor - Initializing ExecutorService 'applicationTaskExecutor'
2019-09-08 16:50:06 [restartedMain] WARN  o.s.b.a.o.j.JpaBaseConfiguration$JpaWebConfiguration$JpaWebMvcConfiguration - spring.jpa.open-in-view is enabled by default. Therefore, database queries may be performed during view rendering. Explicitly configure spring.jpa.open-in-view to disable this warning
2019-09-08 16:50:06 [restartedMain] WARN  o.s.b.d.a.OptionalLiveReloadServer - Unable to start LiveReload server
2019-09-08 16:50:06 [restartedMain] INFO  o.s.b.w.e.tomcat.TomcatWebServer - Tomcat started on port(s): 8096 (http) with context path ''
2019-09-08 16:50:06 [restartedMain] INFO  i.s.p.ProjectmanagerApplication - Started ProjectmanagerApplication in 0.71 seconds (JVM running for 179681.677)
2019-09-08 16:50:06 [restartedMain] INFO  o.s.b.d.a.ConditionEvaluationDeltaLoggingListener - Condition evaluation unchanged
2019-09-08 16:50:27 [Thread-170] INFO  o.s.s.c.ThreadPoolTaskExecutor - Shutting down ExecutorService 'applicationTaskExecutor'
2019-09-08 16:50:27 [Thread-170] INFO  o.s.o.j.LocalContainerEntityManagerFactoryBean - Closing JPA EntityManagerFactory for persistence unit 'default'
2019-09-08 16:50:27 [Thread-170] INFO  com.zaxxer.hikari.HikariDataSource - HikariPool-30 - Shutdown initiated...
2019-09-08 16:50:27 [Thread-170] INFO  com.zaxxer.hikari.HikariDataSource - HikariPool-30 - Shutdown completed.
2019-09-08 16:50:28 [restartedMain] INFO  i.s.p.ProjectmanagerApplication - Starting ProjectmanagerApplication on LAPTOP-460LOMEB with PID 5684 (started by alokt in C:\FSE\Final Project\projectmanager\projectmanager)
2019-09-08 16:50:28 [restartedMain] INFO  i.s.p.ProjectmanagerApplication - No active profile set, falling back to default profiles: default
2019-09-08 16:50:28 [restartedMain] INFO  o.s.d.r.c.RepositoryConfigurationDelegate - Bootstrapping Spring Data repositories in DEFAULT mode.
2019-09-08 16:50:28 [restartedMain] INFO  o.s.d.r.c.RepositoryConfigurationDelegate - Finished Spring Data repository scanning in 31ms. Found 4 repository interfaces.
2019-09-08 16:50:28 [restartedMain] INFO  o.s.c.s.PostProcessorRegistrationDelegate$BeanPostProcessorChecker - Bean 'org.springframework.transaction.annotation.ProxyTransactionManagementConfiguration' of type [org.springframework.transaction.annotation.ProxyTransactionManagementConfiguration$$EnhancerBySpringCGLIB$$7d4f46fe] is not eligible for getting processed by all BeanPostProcessors (for example: not eligible for auto-proxying)
2019-09-08 16:50:28 [restartedMain] INFO  o.s.b.w.e.tomcat.TomcatWebServer - Tomcat initialized with port(s): 8096 (http)
2019-09-08 16:50:28 [restartedMain] INFO  o.a.catalina.core.StandardService - Starting service [Tomcat]
2019-09-08 16:50:28 [restartedMain] INFO  o.a.catalina.core.StandardEngine - Starting Servlet engine: [Apache Tomcat/9.0.22]
2019-09-08 16:50:28 [restartedMain] INFO  o.a.c.c.C.[Tomcat-2].[localhost].[/] - Initializing Spring embedded WebApplicationContext
2019-09-08 16:50:28 [restartedMain] INFO  o.s.web.context.ContextLoader - Root WebApplicationContext: initialization completed in 452 ms
2019-09-08 16:50:28 [restartedMain] INFO  com.zaxxer.hikari.HikariDataSource - HikariPool-31 - Starting...
2019-09-08 16:50:28 [restartedMain] WARN  c.z.hikari.util.DriverDataSource - Registered driver with driverClassName=com.mysql.jdbc.Driver was not found, trying direct instantiation.
2019-09-08 16:50:28 [restartedMain] INFO  com.zaxxer.hikari.HikariDataSource - HikariPool-31 - Start completed.
2019-09-08 16:50:28 [restartedMain] INFO  o.h.jpa.internal.util.LogHelper - HHH000204: Processing PersistenceUnitInfo [
	name: default
	...]
2019-09-08 16:50:28 [restartedMain] INFO  org.hibernate.dialect.Dialect - HHH000400: Using dialect: org.hibernate.dialect.MySQL5InnoDBDialect
2019-09-08 16:50:28 [restartedMain] INFO  o.s.o.j.LocalContainerEntityManagerFactoryBean - Initialized JPA EntityManagerFactory for persistence unit 'default'
2019-09-08 16:50:28 [restartedMain] INFO  o.s.s.c.ThreadPoolTaskExecutor - Initializing ExecutorService 'applicationTaskExecutor'
2019-09-08 16:50:28 [restartedMain] WARN  o.s.b.a.o.j.JpaBaseConfiguration$JpaWebConfiguration$JpaWebMvcConfiguration - spring.jpa.open-in-view is enabled by default. Therefore, database queries may be performed during view rendering. Explicitly configure spring.jpa.open-in-view to disable this warning
2019-09-08 16:50:28 [restartedMain] WARN  o.s.b.d.a.OptionalLiveReloadServer - Unable to start LiveReload server
2019-09-08 16:50:28 [restartedMain] INFO  o.s.b.w.e.tomcat.TomcatWebServer - Tomcat started on port(s): 8096 (http) with context path ''
2019-09-08 16:50:28 [restartedMain] INFO  i.s.p.ProjectmanagerApplication - Started ProjectmanagerApplication in 0.771 seconds (JVM running for 179703.922)
2019-09-08 16:50:28 [restartedMain] INFO  o.s.b.d.a.ConditionEvaluationDeltaLoggingListener - Condition evaluation unchanged
2019-09-08 16:50:35 [http-nio-8096-exec-2] INFO  o.a.c.c.C.[Tomcat-2].[localhost].[/] - Initializing Spring DispatcherServlet 'dispatcherServlet'
2019-09-08 16:50:35 [http-nio-8096-exec-2] INFO  o.s.web.servlet.DispatcherServlet - Initializing Servlet 'dispatcherServlet'
2019-09-08 16:50:35 [http-nio-8096-exec-2] INFO  o.s.web.servlet.DispatcherServlet - Completed initialization in 8 ms
2019-09-08 16:51:41 [Thread-176] INFO  o.s.s.c.ThreadPoolTaskExecutor - Shutting down ExecutorService 'applicationTaskExecutor'
2019-09-08 16:51:41 [Thread-176] INFO  o.s.o.j.LocalContainerEntityManagerFactoryBean - Closing JPA EntityManagerFactory for persistence unit 'default'
2019-09-08 16:51:41 [Thread-176] INFO  com.zaxxer.hikari.HikariDataSource - HikariPool-31 - Shutdown initiated...
2019-09-08 16:51:41 [Thread-176] INFO  com.zaxxer.hikari.HikariDataSource - HikariPool-31 - Shutdown completed.
2019-09-08 16:51:42 [restartedMain] INFO  i.s.p.ProjectmanagerApplication - Starting ProjectmanagerApplication on LAPTOP-460LOMEB with PID 5684 (started by alokt in C:\FSE\Final Project\projectmanager\projectmanager)
2019-09-08 16:51:42 [restartedMain] INFO  i.s.p.ProjectmanagerApplication - No active profile set, falling back to default profiles: default
2019-09-08 16:51:42 [restartedMain] INFO  o.s.d.r.c.RepositoryConfigurationDelegate - Bootstrapping Spring Data repositories in DEFAULT mode.
2019-09-08 16:51:42 [restartedMain] INFO  o.s.d.r.c.RepositoryConfigurationDelegate - Finished Spring Data repository scanning in 33ms. Found 4 repository interfaces.
2019-09-08 16:51:42 [restartedMain] INFO  o.s.c.s.PostProcessorRegistrationDelegate$BeanPostProcessorChecker - Bean 'org.springframework.transaction.annotation.ProxyTransactionManagementConfiguration' of type [org.springframework.transaction.annotation.ProxyTransactionManagementConfiguration$$EnhancerBySpringCGLIB$$7d4f46fe] is not eligible for getting processed by all BeanPostProcessors (for example: not eligible for auto-proxying)
2019-09-08 16:51:42 [restartedMain] INFO  o.s.b.w.e.tomcat.TomcatWebServer - Tomcat initialized with port(s): 8096 (http)
2019-09-08 16:51:42 [restartedMain] INFO  o.a.catalina.core.StandardService - Starting service [Tomcat]
2019-09-08 16:51:42 [restartedMain] INFO  o.a.catalina.core.StandardEngine - Starting Servlet engine: [Apache Tomcat/9.0.22]
2019-09-08 16:51:42 [restartedMain] INFO  o.a.c.c.C.[Tomcat-2].[localhost].[/] - Initializing Spring embedded WebApplicationContext
2019-09-08 16:51:42 [restartedMain] INFO  o.s.web.context.ContextLoader - Root WebApplicationContext: initialization completed in 409 ms
2019-09-08 16:51:42 [restartedMain] INFO  com.zaxxer.hikari.HikariDataSource - HikariPool-32 - Starting...
2019-09-08 16:51:42 [restartedMain] WARN  c.z.hikari.util.DriverDataSource - Registered driver with driverClassName=com.mysql.jdbc.Driver was not found, trying direct instantiation.
2019-09-08 16:51:42 [restartedMain] INFO  com.zaxxer.hikari.HikariDataSource - HikariPool-32 - Start completed.
2019-09-08 16:51:42 [restartedMain] INFO  o.h.jpa.internal.util.LogHelper - HHH000204: Processing PersistenceUnitInfo [
	name: default
	...]
2019-09-08 16:51:42 [restartedMain] INFO  org.hibernate.dialect.Dialect - HHH000400: Using dialect: org.hibernate.dialect.MySQL5InnoDBDialect
2019-09-08 16:51:42 [restartedMain] INFO  o.s.o.j.LocalContainerEntityManagerFactoryBean - Initialized JPA EntityManagerFactory for persistence unit 'default'
2019-09-08 16:51:42 [restartedMain] INFO  o.s.s.c.ThreadPoolTaskExecutor - Initializing ExecutorService 'applicationTaskExecutor'
2019-09-08 16:51:42 [restartedMain] WARN  o.s.b.a.o.j.JpaBaseConfiguration$JpaWebConfiguration$JpaWebMvcConfiguration - spring.jpa.open-in-view is enabled by default. Therefore, database queries may be performed during view rendering. Explicitly configure spring.jpa.open-in-view to disable this warning
2019-09-08 16:51:42 [restartedMain] WARN  o.s.b.d.a.OptionalLiveReloadServer - Unable to start LiveReload server
2019-09-08 16:51:42 [restartedMain] INFO  o.s.b.w.e.tomcat.TomcatWebServer - Tomcat started on port(s): 8096 (http) with context path ''
2019-09-08 16:51:42 [restartedMain] INFO  i.s.p.ProjectmanagerApplication - Started ProjectmanagerApplication in 0.712 seconds (JVM running for 179777.853)
2019-09-08 16:51:42 [restartedMain] INFO  o.s.b.d.a.ConditionEvaluationDeltaLoggingListener - Condition evaluation unchanged
2019-09-08 16:51:50 [http-nio-8096-exec-1] INFO  o.a.c.c.C.[Tomcat-2].[localhost].[/] - Initializing Spring DispatcherServlet 'dispatcherServlet'
2019-09-08 16:51:50 [http-nio-8096-exec-1] INFO  o.s.web.servlet.DispatcherServlet - Initializing Servlet 'dispatcherServlet'
2019-09-08 16:51:50 [http-nio-8096-exec-1] INFO  o.s.web.servlet.DispatcherServlet - Completed initialization in 4 ms
2019-09-08 16:51:50 [http-nio-8096-exec-1] INFO  i.s.p.controller.UserController - <-- Inside getAllUsers -->
2019-09-08 16:51:50 [http-nio-8096-exec-1] INFO  o.h.h.i.QueryTranslatorFactoryInitiator - HHH000397: Using ASTQueryTranslatorFactory
2019-09-08 16:52:22 [http-nio-8096-exec-3] INFO  i.s.p.controller.UserController - <-- Inside getAllUsers -->
2019-09-08 16:54:51 [http-nio-8096-exec-6] INFO  i.s.p.controller.UserController - In User Controller - addUser
2019-09-08 16:54:51 [http-nio-8096-exec-7] INFO  i.s.p.controller.UserController - <-- Inside getAllUsers -->
2019-09-08 16:59:03 [http-nio-8096-exec-10] INFO  i.s.p.controller.UserController - <-- Inside getAllUsers -->
2019-09-08 16:59:18 [http-nio-8096-exec-1] INFO  i.s.p.controller.UserController - <-- Inside getAllUsers -->
2019-09-08 17:03:49 [Thread-182] INFO  o.s.s.c.ThreadPoolTaskExecutor - Shutting down ExecutorService 'applicationTaskExecutor'
2019-09-08 17:03:49 [Thread-182] INFO  o.s.o.j.LocalContainerEntityManagerFactoryBean - Closing JPA EntityManagerFactory for persistence unit 'default'
2019-09-08 17:03:49 [Thread-182] INFO  com.zaxxer.hikari.HikariDataSource - HikariPool-32 - Shutdown initiated...
2019-09-08 17:03:49 [Thread-182] INFO  com.zaxxer.hikari.HikariDataSource - HikariPool-32 - Shutdown completed.
2019-09-08 17:03:49 [restartedMain] INFO  i.s.p.ProjectmanagerApplication - Starting ProjectmanagerApplication on LAPTOP-460LOMEB with PID 5684 (started by alokt in C:\FSE\Final Project\projectmanager\projectmanager)
2019-09-08 17:03:49 [restartedMain] INFO  i.s.p.ProjectmanagerApplication - No active profile set, falling back to default profiles: default
2019-09-08 17:03:49 [restartedMain] INFO  o.s.d.r.c.RepositoryConfigurationDelegate - Bootstrapping Spring Data repositories in DEFAULT mode.
2019-09-08 17:03:50 [restartedMain] INFO  o.s.d.r.c.RepositoryConfigurationDelegate - Finished Spring Data repository scanning in 25ms. Found 4 repository interfaces.
2019-09-08 17:03:50 [restartedMain] INFO  o.s.c.s.PostProcessorRegistrationDelegate$BeanPostProcessorChecker - Bean 'org.springframework.transaction.annotation.ProxyTransactionManagementConfiguration' of type [org.springframework.transaction.annotation.ProxyTransactionManagementConfiguration$$EnhancerBySpringCGLIB$$7d4f46fe] is not eligible for getting processed by all BeanPostProcessors (for example: not eligible for auto-proxying)
2019-09-08 17:03:50 [restartedMain] INFO  o.s.b.w.e.tomcat.TomcatWebServer - Tomcat initialized with port(s): 8096 (http)
2019-09-08 17:03:50 [restartedMain] INFO  o.a.catalina.core.StandardService - Starting service [Tomcat]
2019-09-08 17:03:50 [restartedMain] INFO  o.a.catalina.core.StandardEngine - Starting Servlet engine: [Apache Tomcat/9.0.22]
2019-09-08 17:03:50 [restartedMain] INFO  o.a.c.c.C.[Tomcat-2].[localhost].[/] - Initializing Spring embedded WebApplicationContext
2019-09-08 17:03:50 [restartedMain] INFO  o.s.web.context.ContextLoader - Root WebApplicationContext: initialization completed in 408 ms
2019-09-08 17:03:50 [restartedMain] INFO  com.zaxxer.hikari.HikariDataSource - HikariPool-33 - Starting...
2019-09-08 17:03:50 [restartedMain] WARN  c.z.hikari.util.DriverDataSource - Registered driver with driverClassName=com.mysql.jdbc.Driver was not found, trying direct instantiation.
2019-09-08 17:03:50 [restartedMain] INFO  com.zaxxer.hikari.HikariDataSource - HikariPool-33 - Start completed.
2019-09-08 17:03:50 [restartedMain] INFO  o.h.jpa.internal.util.LogHelper - HHH000204: Processing PersistenceUnitInfo [
	name: default
	...]
2019-09-08 17:03:50 [restartedMain] INFO  org.hibernate.dialect.Dialect - HHH000400: Using dialect: org.hibernate.dialect.MySQL5InnoDBDialect
2019-09-08 17:03:50 [restartedMain] INFO  o.s.o.j.LocalContainerEntityManagerFactoryBean - Initialized JPA EntityManagerFactory for persistence unit 'default'
2019-09-08 17:03:50 [restartedMain] INFO  o.s.s.c.ThreadPoolTaskExecutor - Initializing ExecutorService 'applicationTaskExecutor'
2019-09-08 17:03:50 [restartedMain] WARN  o.s.b.a.o.j.JpaBaseConfiguration$JpaWebConfiguration$JpaWebMvcConfiguration - spring.jpa.open-in-view is enabled by default. Therefore, database queries may be performed during view rendering. Explicitly configure spring.jpa.open-in-view to disable this warning
2019-09-08 17:03:50 [restartedMain] WARN  o.s.b.d.a.OptionalLiveReloadServer - Unable to start LiveReload server
2019-09-08 17:03:50 [restartedMain] INFO  o.s.b.w.e.tomcat.TomcatWebServer - Tomcat started on port(s): 8096 (http) with context path ''
2019-09-08 17:03:50 [restartedMain] INFO  i.s.p.ProjectmanagerApplication - Started ProjectmanagerApplication in 0.72 seconds (JVM running for 180505.52)
2019-09-08 17:03:50 [restartedMain] INFO  o.s.b.d.a.ConditionEvaluationDeltaLoggingListener - Condition evaluation unchanged
2019-09-08 17:06:44 [http-nio-8096-exec-1] INFO  o.a.c.c.C.[Tomcat-2].[localhost].[/] - Initializing Spring DispatcherServlet 'dispatcherServlet'
2019-09-08 17:06:44 [http-nio-8096-exec-1] INFO  o.s.web.servlet.DispatcherServlet - Initializing Servlet 'dispatcherServlet'
2019-09-08 17:06:44 [http-nio-8096-exec-1] INFO  o.s.web.servlet.DispatcherServlet - Completed initialization in 8 ms
2019-09-08 17:06:44 [http-nio-8096-exec-1] WARN  o.s.w.s.m.s.DefaultHandlerExceptionResolver - Resolved [org.springframework.web.HttpMediaTypeNotSupportedException: Content type 'multipart/form-data;boundary=----WebKitFormBoundary9dapTyZceBwaEton' not supported]
2019-09-08 17:08:53 [http-nio-8096-exec-3] INFO  i.s.p.controller.UserController - <-- Inside getAllUsers -->
2019-09-08 17:08:53 [http-nio-8096-exec-3] INFO  o.h.h.i.QueryTranslatorFactoryInitiator - HHH000397: Using ASTQueryTranslatorFactory
2019-09-08 17:12:24 [http-nio-8096-exec-5] INFO  i.s.p.controller.UserController - <-- Inside getAllUsers -->
2019-09-08 17:12:32 [http-nio-8096-exec-7] INFO  i.s.p.controller.UserController - <-- Inside getAllUsers -->
2019-09-08 17:13:08 [Thread-188] INFO  o.s.s.c.ThreadPoolTaskExecutor - Shutting down ExecutorService 'applicationTaskExecutor'
2019-09-08 17:13:08 [Thread-188] INFO  o.s.o.j.LocalContainerEntityManagerFactoryBean - Closing JPA EntityManagerFactory for persistence unit 'default'
2019-09-08 17:13:08 [Thread-188] INFO  com.zaxxer.hikari.HikariDataSource - HikariPool-33 - Shutdown initiated...
2019-09-08 17:13:08 [Thread-188] INFO  com.zaxxer.hikari.HikariDataSource - HikariPool-33 - Shutdown completed.
2019-09-08 17:13:09 [restartedMain] INFO  i.s.p.ProjectmanagerApplication - Starting ProjectmanagerApplication on LAPTOP-460LOMEB with PID 5684 (started by alokt in C:\FSE\Final Project\projectmanager\projectmanager)
2019-09-08 17:13:09 [restartedMain] INFO  i.s.p.ProjectmanagerApplication - No active profile set, falling back to default profiles: default
2019-09-08 17:13:09 [restartedMain] INFO  o.s.d.r.c.RepositoryConfigurationDelegate - Bootstrapping Spring Data repositories in DEFAULT mode.
2019-09-08 17:13:09 [restartedMain] INFO  o.s.d.r.c.RepositoryConfigurationDelegate - Finished Spring Data repository scanning in 24ms. Found 4 repository interfaces.
2019-09-08 17:13:09 [restartedMain] INFO  o.s.c.s.PostProcessorRegistrationDelegate$BeanPostProcessorChecker - Bean 'org.springframework.transaction.annotation.ProxyTransactionManagementConfiguration' of type [org.springframework.transaction.annotation.ProxyTransactionManagementConfiguration$$EnhancerBySpringCGLIB$$7d4f46fe] is not eligible for getting processed by all BeanPostProcessors (for example: not eligible for auto-proxying)
2019-09-08 17:13:09 [restartedMain] INFO  o.s.b.w.e.tomcat.TomcatWebServer - Tomcat initialized with port(s): 8096 (http)
2019-09-08 17:13:09 [restartedMain] INFO  o.a.catalina.core.StandardService - Starting service [Tomcat]
2019-09-08 17:13:09 [restartedMain] INFO  o.a.catalina.core.StandardEngine - Starting Servlet engine: [Apache Tomcat/9.0.22]
2019-09-08 17:13:09 [restartedMain] INFO  o.a.c.c.C.[Tomcat-2].[localhost].[/] - Initializing Spring embedded WebApplicationContext
2019-09-08 17:13:09 [restartedMain] INFO  o.s.web.context.ContextLoader - Root WebApplicationContext: initialization completed in 378 ms
2019-09-08 17:13:09 [restartedMain] INFO  com.zaxxer.hikari.HikariDataSource - HikariPool-34 - Starting...
2019-09-08 17:13:09 [restartedMain] WARN  c.z.hikari.util.DriverDataSource - Registered driver with driverClassName=com.mysql.jdbc.Driver was not found, trying direct instantiation.
2019-09-08 17:13:09 [restartedMain] INFO  com.zaxxer.hikari.HikariDataSource - HikariPool-34 - Start completed.
2019-09-08 17:13:09 [restartedMain] INFO  o.h.jpa.internal.util.LogHelper - HHH000204: Processing PersistenceUnitInfo [
	name: default
	...]
2019-09-08 17:13:09 [restartedMain] INFO  org.hibernate.dialect.Dialect - HHH000400: Using dialect: org.hibernate.dialect.MySQL5InnoDBDialect
2019-09-08 17:13:09 [restartedMain] INFO  o.s.o.j.LocalContainerEntityManagerFactoryBean - Initialized JPA EntityManagerFactory for persistence unit 'default'
2019-09-08 17:13:09 [restartedMain] INFO  o.s.s.c.ThreadPoolTaskExecutor - Initializing ExecutorService 'applicationTaskExecutor'
2019-09-08 17:13:09 [restartedMain] WARN  o.s.b.a.o.j.JpaBaseConfiguration$JpaWebConfiguration$JpaWebMvcConfiguration - spring.jpa.open-in-view is enabled by default. Therefore, database queries may be performed during view rendering. Explicitly configure spring.jpa.open-in-view to disable this warning
2019-09-08 17:13:09 [restartedMain] WARN  o.s.b.d.a.OptionalLiveReloadServer - Unable to start LiveReload server
2019-09-08 17:13:09 [restartedMain] INFO  o.s.b.w.e.tomcat.TomcatWebServer - Tomcat started on port(s): 8096 (http) with context path ''
2019-09-08 17:13:09 [restartedMain] INFO  i.s.p.ProjectmanagerApplication - Started ProjectmanagerApplication in 0.674 seconds (JVM running for 181064.792)
2019-09-08 17:13:09 [restartedMain] INFO  o.s.b.d.a.ConditionEvaluationDeltaLoggingListener - Condition evaluation unchanged
2019-09-08 17:13:15 [http-nio-8096-exec-1] INFO  o.a.c.c.C.[Tomcat-2].[localhost].[/] - Initializing Spring DispatcherServlet 'dispatcherServlet'
2019-09-08 17:13:15 [http-nio-8096-exec-1] INFO  o.s.web.servlet.DispatcherServlet - Initializing Servlet 'dispatcherServlet'
2019-09-08 17:13:15 [http-nio-8096-exec-1] INFO  o.s.web.servlet.DispatcherServlet - Completed initialization in 8 ms
2019-09-08 17:15:05 [http-nio-8096-exec-3] INFO  i.s.p.controller.UserController - <-- Inside getAllUsers -->
2019-09-08 17:15:05 [http-nio-8096-exec-3] INFO  o.h.h.i.QueryTranslatorFactoryInitiator - HHH000397: Using ASTQueryTranslatorFactory
2019-09-08 17:15:12 [http-nio-8096-exec-5] INFO  i.s.p.controller.UserController - <-- Inside getAllUsers -->
2019-09-08 17:15:20 [http-nio-8096-exec-4] WARN  o.s.w.s.m.s.DefaultHandlerExceptionResolver - Resolved [org.springframework.web.HttpMediaTypeNotSupportedException: Content type 'multipart/form-data;boundary=----WebKitFormBoundaryAvsENDlMde7S5wrQ' not supported]
2019-09-08 17:15:41 [http-nio-8096-exec-7] WARN  o.s.w.s.m.s.DefaultHandlerExceptionResolver - Resolved [org.springframework.web.HttpMediaTypeNotSupportedException: Content type '' not supported]
2019-09-08 17:16:38 [http-nio-8096-exec-10] INFO  i.s.p.controller.UserController - <-- Inside getAllUsers -->
2019-09-08 17:16:49 [http-nio-8096-exec-9] INFO  i.s.p.controller.UserController - <-- Inside getAllUsers -->
2019-09-08 17:16:50 [http-nio-8096-exec-1] WARN  o.s.w.s.m.s.DefaultHandlerExceptionResolver - Resolved [org.springframework.web.HttpMediaTypeNotSupportedException: Content type '' not supported]
2019-09-08 17:17:13 [http-nio-8096-exec-2] INFO  i.s.p.controller.UserController - <-- Inside getAllUsers -->
2019-09-08 17:17:15 [http-nio-8096-exec-3] WARN  o.s.w.s.m.s.DefaultHandlerExceptionResolver - Resolved [org.springframework.web.HttpMediaTypeNotSupportedException: Content type '' not supported]
2019-09-08 17:17:44 [http-nio-8096-exec-5] INFO  i.s.p.controller.UserController - <-- Inside getAllUsers -->
2019-09-08 17:18:00 [http-nio-8096-exec-4] INFO  i.s.p.controller.UserController - <-- Inside getAllUsers -->
2019-09-08 17:18:01 [http-nio-8096-exec-6] WARN  o.s.w.s.m.s.DefaultHandlerExceptionResolver - Resolved [org.springframework.web.HttpMediaTypeNotSupportedException: Content type '' not supported]
2019-09-08 17:18:23 [http-nio-8096-exec-7] INFO  i.s.p.controller.UserController - <-- Inside getAllUsers -->
2019-09-08 17:18:30 [http-nio-8096-exec-8] WARN  o.s.w.s.m.s.DefaultHandlerExceptionResolver - Resolved [org.springframework.web.HttpMediaTypeNotSupportedException: Content type '' not supported]
2019-09-08 17:22:02 [http-nio-8096-exec-9] WARN  o.s.w.s.m.s.DefaultHandlerExceptionResolver - Resolved [org.springframework.web.HttpMediaTypeNotSupportedException: Content type 'multipart/form-data;boundary=----WebKitFormBoundaryAkpPZrBucteRSqDu' not supported]
2019-09-08 17:22:47 [Thread-194] INFO  o.s.s.c.ThreadPoolTaskExecutor - Shutting down ExecutorService 'applicationTaskExecutor'
2019-09-08 17:22:47 [Thread-194] INFO  o.s.o.j.LocalContainerEntityManagerFactoryBean - Closing JPA EntityManagerFactory for persistence unit 'default'
2019-09-08 17:22:47 [Thread-194] INFO  com.zaxxer.hikari.HikariDataSource - HikariPool-34 - Shutdown initiated...
2019-09-08 17:22:47 [Thread-194] INFO  com.zaxxer.hikari.HikariDataSource - HikariPool-34 - Shutdown completed.
2019-09-08 17:22:47 [restartedMain] INFO  i.s.p.ProjectmanagerApplication - Starting ProjectmanagerApplication on LAPTOP-460LOMEB with PID 5684 (started by alokt in C:\FSE\Final Project\projectmanager\projectmanager)
2019-09-08 17:22:47 [restartedMain] INFO  i.s.p.ProjectmanagerApplication - No active profile set, falling back to default profiles: default
2019-09-08 17:22:48 [restartedMain] INFO  o.s.d.r.c.RepositoryConfigurationDelegate - Bootstrapping Spring Data repositories in DEFAULT mode.
2019-09-08 17:22:48 [restartedMain] INFO  o.s.d.r.c.RepositoryConfigurationDelegate - Finished Spring Data repository scanning in 21ms. Found 4 repository interfaces.
2019-09-08 17:22:48 [restartedMain] INFO  o.s.c.s.PostProcessorRegistrationDelegate$BeanPostProcessorChecker - Bean 'org.springframework.transaction.annotation.ProxyTransactionManagementConfiguration' of type [org.springframework.transaction.annotation.ProxyTransactionManagementConfiguration$$EnhancerBySpringCGLIB$$7d4f46fe] is not eligible for getting processed by all BeanPostProcessors (for example: not eligible for auto-proxying)
2019-09-08 17:22:48 [restartedMain] INFO  o.s.b.w.e.tomcat.TomcatWebServer - Tomcat initialized with port(s): 8096 (http)
2019-09-08 17:22:48 [restartedMain] INFO  o.a.catalina.core.StandardService - Starting service [Tomcat]
2019-09-08 17:22:48 [restartedMain] INFO  o.a.catalina.core.StandardEngine - Starting Servlet engine: [Apache Tomcat/9.0.22]
2019-09-08 17:22:48 [restartedMain] INFO  o.a.c.c.C.[Tomcat-2].[localhost].[/] - Initializing Spring embedded WebApplicationContext
2019-09-08 17:22:48 [restartedMain] INFO  o.s.web.context.ContextLoader - Root WebApplicationContext: initialization completed in 339 ms
2019-09-08 17:22:48 [restartedMain] INFO  com.zaxxer.hikari.HikariDataSource - HikariPool-35 - Starting...
2019-09-08 17:22:48 [restartedMain] WARN  c.z.hikari.util.DriverDataSource - Registered driver with driverClassName=com.mysql.jdbc.Driver was not found, trying direct instantiation.
2019-09-08 17:22:48 [restartedMain] INFO  com.zaxxer.hikari.HikariDataSource - HikariPool-35 - Start completed.
2019-09-08 17:22:48 [restartedMain] INFO  o.h.jpa.internal.util.LogHelper - HHH000204: Processing PersistenceUnitInfo [
	name: default
	...]
2019-09-08 17:22:48 [restartedMain] INFO  org.hibernate.dialect.Dialect - HHH000400: Using dialect: org.hibernate.dialect.MySQL5InnoDBDialect
2019-09-08 17:22:48 [restartedMain] INFO  o.s.o.j.LocalContainerEntityManagerFactoryBean - Initialized JPA EntityManagerFactory for persistence unit 'default'
2019-09-08 17:22:48 [restartedMain] INFO  o.s.s.c.ThreadPoolTaskExecutor - Initializing ExecutorService 'applicationTaskExecutor'
2019-09-08 17:22:48 [restartedMain] WARN  o.s.b.a.o.j.JpaBaseConfiguration$JpaWebConfiguration$JpaWebMvcConfiguration - spring.jpa.open-in-view is enabled by default. Therefore, database queries may be performed during view rendering. Explicitly configure spring.jpa.open-in-view to disable this warning
2019-09-08 17:22:48 [restartedMain] WARN  o.s.b.d.a.OptionalLiveReloadServer - Unable to start LiveReload server
2019-09-08 17:22:48 [restartedMain] INFO  o.s.b.w.e.tomcat.TomcatWebServer - Tomcat started on port(s): 8096 (http) with context path ''
2019-09-08 17:22:48 [restartedMain] INFO  i.s.p.ProjectmanagerApplication - Started ProjectmanagerApplication in 0.628 seconds (JVM running for 181643.598)
2019-09-08 17:22:48 [restartedMain] INFO  o.s.b.d.a.ConditionEvaluationDeltaLoggingListener - Condition evaluation unchanged
2019-09-08 17:24:54 [http-nio-8096-exec-1] INFO  o.a.c.c.C.[Tomcat-2].[localhost].[/] - Initializing Spring DispatcherServlet 'dispatcherServlet'
2019-09-08 17:24:54 [http-nio-8096-exec-1] INFO  o.s.web.servlet.DispatcherServlet - Initializing Servlet 'dispatcherServlet'
2019-09-08 17:24:54 [http-nio-8096-exec-1] INFO  o.s.web.servlet.DispatcherServlet - Completed initialization in 9 ms
2019-09-08 17:24:54 [http-nio-8096-exec-1] WARN  o.s.w.s.m.s.DefaultHandlerExceptionResolver - Resolved [org.springframework.web.HttpMediaTypeNotSupportedException: Content type 'text/plain;charset=UTF-8' not supported]
2019-09-08 17:25:34 [Thread-200] INFO  o.s.s.c.ThreadPoolTaskExecutor - Shutting down ExecutorService 'applicationTaskExecutor'
2019-09-08 17:25:34 [Thread-200] INFO  o.s.o.j.LocalContainerEntityManagerFactoryBean - Closing JPA EntityManagerFactory for persistence unit 'default'
2019-09-08 17:25:34 [Thread-200] INFO  com.zaxxer.hikari.HikariDataSource - HikariPool-35 - Shutdown initiated...
2019-09-08 17:25:34 [Thread-200] INFO  com.zaxxer.hikari.HikariDataSource - HikariPool-35 - Shutdown completed.
2019-09-08 17:25:34 [restartedMain] INFO  i.s.p.ProjectmanagerApplication - Starting ProjectmanagerApplication on LAPTOP-460LOMEB with PID 5684 (started by alokt in C:\FSE\Final Project\projectmanager\projectmanager)
2019-09-08 17:25:34 [restartedMain] INFO  i.s.p.ProjectmanagerApplication - No active profile set, falling back to default profiles: default
2019-09-08 17:25:35 [restartedMain] INFO  o.s.d.r.c.RepositoryConfigurationDelegate - Bootstrapping Spring Data repositories in DEFAULT mode.
2019-09-08 17:25:35 [restartedMain] INFO  o.s.d.r.c.RepositoryConfigurationDelegate - Finished Spring Data repository scanning in 22ms. Found 4 repository interfaces.
2019-09-08 17:25:35 [restartedMain] INFO  o.s.c.s.PostProcessorRegistrationDelegate$BeanPostProcessorChecker - Bean 'org.springframework.transaction.annotation.ProxyTransactionManagementConfiguration' of type [org.springframework.transaction.annotation.ProxyTransactionManagementConfiguration$$EnhancerBySpringCGLIB$$7d4f46fe] is not eligible for getting processed by all BeanPostProcessors (for example: not eligible for auto-proxying)
2019-09-08 17:25:35 [restartedMain] INFO  o.s.b.w.e.tomcat.TomcatWebServer - Tomcat initialized with port(s): 8096 (http)
2019-09-08 17:25:35 [restartedMain] INFO  o.a.catalina.core.StandardService - Starting service [Tomcat]
2019-09-08 17:25:35 [restartedMain] INFO  o.a.catalina.core.StandardEngine - Starting Servlet engine: [Apache Tomcat/9.0.22]
2019-09-08 17:25:35 [restartedMain] INFO  o.a.c.c.C.[Tomcat-2].[localhost].[/] - Initializing Spring embedded WebApplicationContext
2019-09-08 17:25:35 [restartedMain] INFO  o.s.web.context.ContextLoader - Root WebApplicationContext: initialization completed in 469 ms
2019-09-08 17:25:35 [restartedMain] INFO  com.zaxxer.hikari.HikariDataSource - HikariPool-36 - Starting...
2019-09-08 17:25:35 [restartedMain] WARN  c.z.hikari.util.DriverDataSource - Registered driver with driverClassName=com.mysql.jdbc.Driver was not found, trying direct instantiation.
2019-09-08 17:25:35 [restartedMain] INFO  com.zaxxer.hikari.HikariDataSource - HikariPool-36 - Start completed.
2019-09-08 17:25:35 [restartedMain] INFO  o.h.jpa.internal.util.LogHelper - HHH000204: Processing PersistenceUnitInfo [
	name: default
	...]
2019-09-08 17:25:35 [restartedMain] INFO  org.hibernate.dialect.Dialect - HHH000400: Using dialect: org.hibernate.dialect.MySQL5InnoDBDialect
2019-09-08 17:25:35 [restartedMain] INFO  o.s.o.j.LocalContainerEntityManagerFactoryBean - Initialized JPA EntityManagerFactory for persistence unit 'default'
2019-09-08 17:25:35 [restartedMain] INFO  o.s.s.c.ThreadPoolTaskExecutor - Initializing ExecutorService 'applicationTaskExecutor'
2019-09-08 17:25:35 [restartedMain] WARN  o.s.b.a.o.j.JpaBaseConfiguration$JpaWebConfiguration$JpaWebMvcConfiguration - spring.jpa.open-in-view is enabled by default. Therefore, database queries may be performed during view rendering. Explicitly configure spring.jpa.open-in-view to disable this warning
2019-09-08 17:25:35 [restartedMain] WARN  o.s.b.d.a.OptionalLiveReloadServer - Unable to start LiveReload server
2019-09-08 17:25:35 [restartedMain] INFO  o.s.b.w.e.tomcat.TomcatWebServer - Tomcat started on port(s): 8096 (http) with context path ''
2019-09-08 17:25:35 [restartedMain] INFO  i.s.p.ProjectmanagerApplication - Started ProjectmanagerApplication in 0.778 seconds (JVM running for 181810.697)
2019-09-08 17:25:35 [restartedMain] INFO  o.s.b.d.a.ConditionEvaluationDeltaLoggingListener - Condition evaluation unchanged
2019-09-08 17:25:45 [http-nio-8096-exec-2] INFO  o.a.c.c.C.[Tomcat-2].[localhost].[/] - Initializing Spring DispatcherServlet 'dispatcherServlet'
2019-09-08 17:25:45 [http-nio-8096-exec-2] INFO  o.s.web.servlet.DispatcherServlet - Initializing Servlet 'dispatcherServlet'
2019-09-08 17:25:45 [http-nio-8096-exec-2] INFO  o.s.web.servlet.DispatcherServlet - Completed initialization in 9 ms
2019-09-08 17:25:45 [http-nio-8096-exec-2] WARN  o.s.w.s.m.s.DefaultHandlerExceptionResolver - Resolved [org.springframework.web.HttpMediaTypeNotSupportedException: Content type 'text/plain;charset=UTF-8' not supported]
2019-09-08 17:26:34 [Thread-206] INFO  o.s.s.c.ThreadPoolTaskExecutor - Shutting down ExecutorService 'applicationTaskExecutor'
2019-09-08 17:26:34 [Thread-206] INFO  o.s.o.j.LocalContainerEntityManagerFactoryBean - Closing JPA EntityManagerFactory for persistence unit 'default'
2019-09-08 17:26:34 [Thread-206] INFO  com.zaxxer.hikari.HikariDataSource - HikariPool-36 - Shutdown initiated...
2019-09-08 17:26:34 [Thread-206] INFO  com.zaxxer.hikari.HikariDataSource - HikariPool-36 - Shutdown completed.
2019-09-08 17:26:35 [restartedMain] INFO  i.s.p.ProjectmanagerApplication - Starting ProjectmanagerApplication on LAPTOP-460LOMEB with PID 5684 (started by alokt in C:\FSE\Final Project\projectmanager\projectmanager)
2019-09-08 17:26:35 [restartedMain] INFO  i.s.p.ProjectmanagerApplication - No active profile set, falling back to default profiles: default
2019-09-08 17:26:35 [restartedMain] INFO  o.s.d.r.c.RepositoryConfigurationDelegate - Bootstrapping Spring Data repositories in DEFAULT mode.
2019-09-08 17:26:35 [restartedMain] INFO  o.s.d.r.c.RepositoryConfigurationDelegate - Finished Spring Data repository scanning in 24ms. Found 4 repository interfaces.
2019-09-08 17:26:35 [restartedMain] INFO  o.s.c.s.PostProcessorRegistrationDelegate$BeanPostProcessorChecker - Bean 'org.springframework.transaction.annotation.ProxyTransactionManagementConfiguration' of type [org.springframework.transaction.annotation.ProxyTransactionManagementConfiguration$$EnhancerBySpringCGLIB$$7d4f46fe] is not eligible for getting processed by all BeanPostProcessors (for example: not eligible for auto-proxying)
2019-09-08 17:26:35 [restartedMain] INFO  o.s.b.w.e.tomcat.TomcatWebServer - Tomcat initialized with port(s): 8096 (http)
2019-09-08 17:26:35 [restartedMain] INFO  o.a.catalina.core.StandardService - Starting service [Tomcat]
2019-09-08 17:26:35 [restartedMain] INFO  o.a.catalina.core.StandardEngine - Starting Servlet engine: [Apache Tomcat/9.0.22]
2019-09-08 17:26:35 [restartedMain] INFO  o.a.c.c.C.[Tomcat-2].[localhost].[/] - Initializing Spring embedded WebApplicationContext
2019-09-08 17:26:35 [restartedMain] INFO  o.s.web.context.ContextLoader - Root WebApplicationContext: initialization completed in 405 ms
2019-09-08 17:26:35 [restartedMain] INFO  com.zaxxer.hikari.HikariDataSource - HikariPool-37 - Starting...
2019-09-08 17:26:35 [restartedMain] WARN  c.z.hikari.util.DriverDataSource - Registered driver with driverClassName=com.mysql.jdbc.Driver was not found, trying direct instantiation.
2019-09-08 17:26:35 [restartedMain] INFO  com.zaxxer.hikari.HikariDataSource - HikariPool-37 - Start completed.
2019-09-08 17:26:35 [restartedMain] INFO  o.h.jpa.internal.util.LogHelper - HHH000204: Processing PersistenceUnitInfo [
	name: default
	...]
2019-09-08 17:26:35 [restartedMain] INFO  org.hibernate.dialect.Dialect - HHH000400: Using dialect: org.hibernate.dialect.MySQL5InnoDBDialect
2019-09-08 17:26:35 [restartedMain] INFO  o.s.o.j.LocalContainerEntityManagerFactoryBean - Initialized JPA EntityManagerFactory for persistence unit 'default'
2019-09-08 17:26:35 [restartedMain] INFO  o.s.s.c.ThreadPoolTaskExecutor - Initializing ExecutorService 'applicationTaskExecutor'
2019-09-08 17:26:35 [restartedMain] WARN  o.s.b.a.o.j.JpaBaseConfiguration$JpaWebConfiguration$JpaWebMvcConfiguration - spring.jpa.open-in-view is enabled by default. Therefore, database queries may be performed during view rendering. Explicitly configure spring.jpa.open-in-view to disable this warning
2019-09-08 17:26:35 [restartedMain] WARN  o.s.b.d.a.OptionalLiveReloadServer - Unable to start LiveReload server
2019-09-08 17:26:35 [restartedMain] INFO  o.s.b.w.e.tomcat.TomcatWebServer - Tomcat started on port(s): 8096 (http) with context path ''
2019-09-08 17:26:35 [restartedMain] INFO  i.s.p.ProjectmanagerApplication - Started ProjectmanagerApplication in 0.761 seconds (JVM running for 181870.894)
2019-09-08 17:26:35 [restartedMain] INFO  o.s.b.d.a.ConditionEvaluationDeltaLoggingListener - Condition evaluation unchanged
2019-09-08 17:26:39 [http-nio-8096-exec-1] INFO  o.a.c.c.C.[Tomcat-2].[localhost].[/] - Initializing Spring DispatcherServlet 'dispatcherServlet'
2019-09-08 17:26:39 [http-nio-8096-exec-1] INFO  o.s.web.servlet.DispatcherServlet - Initializing Servlet 'dispatcherServlet'
2019-09-08 17:26:39 [http-nio-8096-exec-1] INFO  o.s.web.servlet.DispatcherServlet - Completed initialization in 10 ms
2019-09-08 17:26:39 [http-nio-8096-exec-1] WARN  o.s.w.s.m.s.DefaultHandlerExceptionResolver - Resolved [org.springframework.web.HttpMediaTypeNotSupportedException: Content type 'text/plain;charset=UTF-8' not supported]
2019-09-08 17:28:46 [Thread-212] INFO  o.s.s.c.ThreadPoolTaskExecutor - Shutting down ExecutorService 'applicationTaskExecutor'
2019-09-08 17:28:46 [Thread-212] INFO  o.s.o.j.LocalContainerEntityManagerFactoryBean - Closing JPA EntityManagerFactory for persistence unit 'default'
2019-09-08 17:28:46 [Thread-212] INFO  com.zaxxer.hikari.HikariDataSource - HikariPool-37 - Shutdown initiated...
2019-09-08 17:28:46 [Thread-212] INFO  com.zaxxer.hikari.HikariDataSource - HikariPool-37 - Shutdown completed.
2019-09-08 17:28:47 [restartedMain] INFO  i.s.p.ProjectmanagerApplication - Starting ProjectmanagerApplication on LAPTOP-460LOMEB with PID 5684 (started by alokt in C:\FSE\Final Project\projectmanager\projectmanager)
2019-09-08 17:28:47 [restartedMain] INFO  i.s.p.ProjectmanagerApplication - No active profile set, falling back to default profiles: default
2019-09-08 17:28:47 [restartedMain] INFO  o.s.d.r.c.RepositoryConfigurationDelegate - Bootstrapping Spring Data repositories in DEFAULT mode.
2019-09-08 17:28:47 [restartedMain] INFO  o.s.d.r.c.RepositoryConfigurationDelegate - Finished Spring Data repository scanning in 37ms. Found 4 repository interfaces.
2019-09-08 17:28:47 [restartedMain] INFO  o.s.c.s.PostProcessorRegistrationDelegate$BeanPostProcessorChecker - Bean 'org.springframework.transaction.annotation.ProxyTransactionManagementConfiguration' of type [org.springframework.transaction.annotation.ProxyTransactionManagementConfiguration$$EnhancerBySpringCGLIB$$7d4f46fe] is not eligible for getting processed by all BeanPostProcessors (for example: not eligible for auto-proxying)
2019-09-08 17:28:47 [restartedMain] INFO  o.s.b.w.e.tomcat.TomcatWebServer - Tomcat initialized with port(s): 8096 (http)
2019-09-08 17:28:47 [restartedMain] INFO  o.a.catalina.core.StandardService - Starting service [Tomcat]
2019-09-08 17:28:47 [restartedMain] INFO  o.a.catalina.core.StandardEngine - Starting Servlet engine: [Apache Tomcat/9.0.22]
2019-09-08 17:28:47 [restartedMain] INFO  o.a.c.c.C.[Tomcat-2].[localhost].[/] - Initializing Spring embedded WebApplicationContext
2019-09-08 17:28:47 [restartedMain] INFO  o.s.web.context.ContextLoader - Root WebApplicationContext: initialization completed in 434 ms
2019-09-08 17:28:47 [restartedMain] INFO  com.zaxxer.hikari.HikariDataSource - HikariPool-38 - Starting...
2019-09-08 17:28:47 [restartedMain] WARN  c.z.hikari.util.DriverDataSource - Registered driver with driverClassName=com.mysql.jdbc.Driver was not found, trying direct instantiation.
2019-09-08 17:28:47 [restartedMain] INFO  com.zaxxer.hikari.HikariDataSource - HikariPool-38 - Start completed.
2019-09-08 17:28:47 [restartedMain] INFO  o.h.jpa.internal.util.LogHelper - HHH000204: Processing PersistenceUnitInfo [
	name: default
	...]
2019-09-08 17:28:47 [restartedMain] INFO  org.hibernate.dialect.Dialect - HHH000400: Using dialect: org.hibernate.dialect.MySQL5InnoDBDialect
2019-09-08 17:28:47 [restartedMain] INFO  o.s.o.j.LocalContainerEntityManagerFactoryBean - Initialized JPA EntityManagerFactory for persistence unit 'default'
2019-09-08 17:28:47 [restartedMain] INFO  o.s.s.c.ThreadPoolTaskExecutor - Initializing ExecutorService 'applicationTaskExecutor'
2019-09-08 17:28:47 [restartedMain] WARN  o.s.b.a.o.j.JpaBaseConfiguration$JpaWebConfiguration$JpaWebMvcConfiguration - spring.jpa.open-in-view is enabled by default. Therefore, database queries may be performed during view rendering. Explicitly configure spring.jpa.open-in-view to disable this warning
2019-09-08 17:28:47 [restartedMain] WARN  o.s.b.d.a.OptionalLiveReloadServer - Unable to start LiveReload server
2019-09-08 17:28:47 [restartedMain] INFO  o.s.b.w.e.tomcat.TomcatWebServer - Tomcat started on port(s): 8096 (http) with context path ''
2019-09-08 17:28:47 [restartedMain] INFO  i.s.p.ProjectmanagerApplication - Started ProjectmanagerApplication in 0.754 seconds (JVM running for 182003.003)
2019-09-08 17:28:47 [restartedMain] INFO  o.s.b.d.a.ConditionEvaluationDeltaLoggingListener - Condition evaluation unchanged
2019-09-08 17:28:59 [http-nio-8096-exec-2] INFO  o.a.c.c.C.[Tomcat-2].[localhost].[/] - Initializing Spring DispatcherServlet 'dispatcherServlet'
2019-09-08 17:28:59 [http-nio-8096-exec-2] INFO  o.s.web.servlet.DispatcherServlet - Initializing Servlet 'dispatcherServlet'
2019-09-08 17:28:59 [http-nio-8096-exec-2] INFO  o.s.web.servlet.DispatcherServlet - Completed initialization in 8 ms
2019-09-08 17:28:59 [http-nio-8096-exec-2] WARN  o.s.w.s.m.s.DefaultHandlerExceptionResolver - Resolved [org.springframework.web.HttpMediaTypeNotSupportedException: Content type 'text/plain;charset=UTF-8' not supported]
2019-09-08 17:29:06 [http-nio-8096-exec-1] WARN  o.s.w.s.m.s.DefaultHandlerExceptionResolver - Resolved [org.springframework.web.HttpMediaTypeNotSupportedException: Content type 'text/plain;charset=UTF-8' not supported]
2019-09-08 17:29:57 [http-nio-8096-exec-3] WARN  o.s.w.s.m.s.DefaultHandlerExceptionResolver - Resolved [org.springframework.web.HttpMediaTypeNotSupportedException: Content type 'text/plain;charset=UTF-8' not supported]
2019-09-08 17:30:29 [http-nio-8096-exec-4] WARN  o.s.w.s.m.s.DefaultHandlerExceptionResolver - Resolved [org.springframework.web.HttpMediaTypeNotSupportedException: Content type 'text/plain;charset=UTF-8' not supported]
2019-09-08 17:32:16 [http-nio-8096-exec-6] INFO  i.s.p.controller.UserController - <-- Inside getAllUsers -->
2019-09-08 17:32:16 [http-nio-8096-exec-6] INFO  o.h.h.i.QueryTranslatorFactoryInitiator - HHH000397: Using ASTQueryTranslatorFactory
2019-09-08 17:32:23 [http-nio-8096-exec-7] WARN  o.s.w.s.m.s.DefaultHandlerExceptionResolver - Resolved [org.springframework.web.HttpMediaTypeNotSupportedException: Content type '' not supported]
2019-09-08 17:33:06 [http-nio-8096-exec-8] WARN  o.s.w.s.m.s.DefaultHandlerExceptionResolver - Resolved [org.springframework.web.HttpMediaTypeNotSupportedException: Content type 'text/plain;charset=UTF-8' not supported]
2019-09-08 17:35:06 [http-nio-8096-exec-2] WARN  o.s.w.s.m.s.DefaultHandlerExceptionResolver - Resolved [org.springframework.web.HttpMediaTypeNotSupportedException: Content type 'text/plain;charset=UTF-8' not supported]
2019-09-08 17:35:37 [Thread-218] INFO  o.s.s.c.ThreadPoolTaskExecutor - Shutting down ExecutorService 'applicationTaskExecutor'
2019-09-08 17:35:37 [Thread-218] INFO  o.s.o.j.LocalContainerEntityManagerFactoryBean - Closing JPA EntityManagerFactory for persistence unit 'default'
2019-09-08 17:35:37 [Thread-218] INFO  com.zaxxer.hikari.HikariDataSource - HikariPool-38 - Shutdown initiated...
2019-09-08 17:35:37 [Thread-218] INFO  com.zaxxer.hikari.HikariDataSource - HikariPool-38 - Shutdown completed.
2019-09-08 17:35:37 [restartedMain] INFO  i.s.p.ProjectmanagerApplication - Starting ProjectmanagerApplication on LAPTOP-460LOMEB with PID 5684 (started by alokt in C:\FSE\Final Project\projectmanager\projectmanager)
2019-09-08 17:35:37 [restartedMain] INFO  i.s.p.ProjectmanagerApplication - No active profile set, falling back to default profiles: default
2019-09-08 17:35:37 [restartedMain] INFO  o.s.d.r.c.RepositoryConfigurationDelegate - Bootstrapping Spring Data repositories in DEFAULT mode.
2019-09-08 17:35:37 [restartedMain] INFO  o.s.d.r.c.RepositoryConfigurationDelegate - Finished Spring Data repository scanning in 30ms. Found 4 repository interfaces.
2019-09-08 17:35:37 [restartedMain] INFO  o.s.c.s.PostProcessorRegistrationDelegate$BeanPostProcessorChecker - Bean 'org.springframework.transaction.annotation.ProxyTransactionManagementConfiguration' of type [org.springframework.transaction.annotation.ProxyTransactionManagementConfiguration$$EnhancerBySpringCGLIB$$7d4f46fe] is not eligible for getting processed by all BeanPostProcessors (for example: not eligible for auto-proxying)
2019-09-08 17:35:37 [restartedMain] INFO  o.s.b.w.e.tomcat.TomcatWebServer - Tomcat initialized with port(s): 8096 (http)
2019-09-08 17:35:37 [restartedMain] INFO  o.a.catalina.core.StandardService - Starting service [Tomcat]
2019-09-08 17:35:37 [restartedMain] INFO  o.a.catalina.core.StandardEngine - Starting Servlet engine: [Apache Tomcat/9.0.22]
2019-09-08 17:35:37 [restartedMain] INFO  o.a.c.c.C.[Tomcat-2].[localhost].[/] - Initializing Spring embedded WebApplicationContext
2019-09-08 17:35:37 [restartedMain] INFO  o.s.web.context.ContextLoader - Root WebApplicationContext: initialization completed in 378 ms
2019-09-08 17:35:37 [restartedMain] INFO  com.zaxxer.hikari.HikariDataSource - HikariPool-39 - Starting...
2019-09-08 17:35:37 [restartedMain] WARN  c.z.hikari.util.DriverDataSource - Registered driver with driverClassName=com.mysql.jdbc.Driver was not found, trying direct instantiation.
2019-09-08 17:35:37 [restartedMain] INFO  com.zaxxer.hikari.HikariDataSource - HikariPool-39 - Start completed.
2019-09-08 17:35:37 [restartedMain] INFO  o.h.jpa.internal.util.LogHelper - HHH000204: Processing PersistenceUnitInfo [
	name: default
	...]
2019-09-08 17:35:37 [restartedMain] INFO  org.hibernate.dialect.Dialect - HHH000400: Using dialect: org.hibernate.dialect.MySQL5InnoDBDialect
2019-09-08 17:35:37 [restartedMain] INFO  o.s.o.j.LocalContainerEntityManagerFactoryBean - Initialized JPA EntityManagerFactory for persistence unit 'default'
2019-09-08 17:35:38 [restartedMain] INFO  o.s.s.c.ThreadPoolTaskExecutor - Initializing ExecutorService 'applicationTaskExecutor'
2019-09-08 17:35:38 [restartedMain] WARN  o.s.b.a.o.j.JpaBaseConfiguration$JpaWebConfiguration$JpaWebMvcConfiguration - spring.jpa.open-in-view is enabled by default. Therefore, database queries may be performed during view rendering. Explicitly configure spring.jpa.open-in-view to disable this warning
2019-09-08 17:35:38 [restartedMain] WARN  o.s.b.d.a.OptionalLiveReloadServer - Unable to start LiveReload server
2019-09-08 17:35:38 [restartedMain] INFO  o.s.b.w.e.tomcat.TomcatWebServer - Tomcat started on port(s): 8096 (http) with context path ''
2019-09-08 17:35:38 [restartedMain] INFO  i.s.p.ProjectmanagerApplication - Started ProjectmanagerApplication in 0.641 seconds (JVM running for 182413.106)
2019-09-08 17:35:38 [restartedMain] INFO  o.s.b.d.a.ConditionEvaluationDeltaLoggingListener - Condition evaluation unchanged
2019-09-08 17:35:41 [http-nio-8096-exec-1] INFO  o.a.c.c.C.[Tomcat-2].[localhost].[/] - Initializing Spring DispatcherServlet 'dispatcherServlet'
2019-09-08 17:35:41 [http-nio-8096-exec-1] INFO  o.s.web.servlet.DispatcherServlet - Initializing Servlet 'dispatcherServlet'
2019-09-08 17:35:41 [http-nio-8096-exec-1] INFO  o.s.web.servlet.DispatcherServlet - Completed initialization in 9 ms
2019-09-08 17:35:41 [http-nio-8096-exec-1] WARN  o.s.w.s.m.s.DefaultHandlerExceptionResolver - Resolved [org.springframework.web.HttpMediaTypeNotSupportedException: Content type 'text/plain;charset=UTF-8' not supported]
2019-09-08 17:36:17 [Thread-224] INFO  o.s.s.c.ThreadPoolTaskExecutor - Shutting down ExecutorService 'applicationTaskExecutor'
2019-09-08 17:36:17 [Thread-224] INFO  o.s.o.j.LocalContainerEntityManagerFactoryBean - Closing JPA EntityManagerFactory for persistence unit 'default'
2019-09-08 17:36:17 [Thread-224] INFO  com.zaxxer.hikari.HikariDataSource - HikariPool-39 - Shutdown initiated...
2019-09-08 17:36:18 [Thread-224] INFO  com.zaxxer.hikari.HikariDataSource - HikariPool-39 - Shutdown completed.
2019-09-08 17:36:18 [restartedMain] INFO  i.s.p.ProjectmanagerApplication - Starting ProjectmanagerApplication on LAPTOP-460LOMEB with PID 5684 (started by alokt in C:\FSE\Final Project\projectmanager\projectmanager)
2019-09-08 17:36:18 [restartedMain] INFO  i.s.p.ProjectmanagerApplication - No active profile set, falling back to default profiles: default
2019-09-08 17:36:18 [restartedMain] INFO  o.s.d.r.c.RepositoryConfigurationDelegate - Bootstrapping Spring Data repositories in DEFAULT mode.
2019-09-08 17:36:18 [restartedMain] INFO  o.s.d.r.c.RepositoryConfigurationDelegate - Finished Spring Data repository scanning in 17ms. Found 4 repository interfaces.
2019-09-08 17:36:18 [restartedMain] INFO  o.s.c.s.PostProcessorRegistrationDelegate$BeanPostProcessorChecker - Bean 'org.springframework.transaction.annotation.ProxyTransactionManagementConfiguration' of type [org.springframework.transaction.annotation.ProxyTransactionManagementConfiguration$$EnhancerBySpringCGLIB$$7d4f46fe] is not eligible for getting processed by all BeanPostProcessors (for example: not eligible for auto-proxying)
2019-09-08 17:36:18 [restartedMain] INFO  o.s.b.w.e.tomcat.TomcatWebServer - Tomcat initialized with port(s): 8096 (http)
2019-09-08 17:36:18 [restartedMain] INFO  o.a.catalina.core.StandardService - Starting service [Tomcat]
2019-09-08 17:36:18 [restartedMain] INFO  o.a.catalina.core.StandardEngine - Starting Servlet engine: [Apache Tomcat/9.0.22]
2019-09-08 17:36:18 [restartedMain] INFO  o.a.c.c.C.[Tomcat-2].[localhost].[/] - Initializing Spring embedded WebApplicationContext
2019-09-08 17:36:18 [restartedMain] INFO  o.s.web.context.ContextLoader - Root WebApplicationContext: initialization completed in 427 ms
2019-09-08 17:36:18 [restartedMain] INFO  com.zaxxer.hikari.HikariDataSource - HikariPool-40 - Starting...
2019-09-08 17:36:18 [restartedMain] WARN  c.z.hikari.util.DriverDataSource - Registered driver with driverClassName=com.mysql.jdbc.Driver was not found, trying direct instantiation.
2019-09-08 17:36:18 [restartedMain] INFO  com.zaxxer.hikari.HikariDataSource - HikariPool-40 - Start completed.
2019-09-08 17:36:18 [restartedMain] INFO  o.h.jpa.internal.util.LogHelper - HHH000204: Processing PersistenceUnitInfo [
	name: default
	...]
2019-09-08 17:36:18 [restartedMain] INFO  org.hibernate.dialect.Dialect - HHH000400: Using dialect: org.hibernate.dialect.MySQL5InnoDBDialect
2019-09-08 17:36:18 [restartedMain] INFO  o.s.o.j.LocalContainerEntityManagerFactoryBean - Initialized JPA EntityManagerFactory for persistence unit 'default'
2019-09-08 17:36:19 [restartedMain] INFO  o.s.s.c.ThreadPoolTaskExecutor - Initializing ExecutorService 'applicationTaskExecutor'
2019-09-08 17:36:19 [restartedMain] WARN  o.s.b.a.o.j.JpaBaseConfiguration$JpaWebConfiguration$JpaWebMvcConfiguration - spring.jpa.open-in-view is enabled by default. Therefore, database queries may be performed during view rendering. Explicitly configure spring.jpa.open-in-view to disable this warning
2019-09-08 17:36:19 [restartedMain] WARN  o.s.b.d.a.OptionalLiveReloadServer - Unable to start LiveReload server
2019-09-08 17:36:19 [restartedMain] INFO  o.s.b.w.e.tomcat.TomcatWebServer - Tomcat started on port(s): 8096 (http) with context path ''
2019-09-08 17:36:19 [restartedMain] INFO  i.s.p.ProjectmanagerApplication - Started ProjectmanagerApplication in 0.804 seconds (JVM running for 182454.206)
2019-09-08 17:36:19 [restartedMain] INFO  o.s.b.d.a.ConditionEvaluationDeltaLoggingListener - Condition evaluation unchanged
2019-09-08 17:36:26 [http-nio-8096-exec-1] INFO  o.a.c.c.C.[Tomcat-2].[localhost].[/] - Initializing Spring DispatcherServlet 'dispatcherServlet'
2019-09-08 17:36:26 [http-nio-8096-exec-1] INFO  o.s.web.servlet.DispatcherServlet - Initializing Servlet 'dispatcherServlet'
2019-09-08 17:36:26 [http-nio-8096-exec-1] INFO  o.s.web.servlet.DispatcherServlet - Completed initialization in 8 ms
2019-09-08 17:36:26 [http-nio-8096-exec-1] WARN  o.s.w.s.m.s.DefaultHandlerExceptionResolver - Resolved [org.springframework.web.HttpMediaTypeNotSupportedException: Content type 'text/plain;charset=UTF-8' not supported]
2019-09-08 17:36:51 [Thread-230] INFO  o.s.s.c.ThreadPoolTaskExecutor - Shutting down ExecutorService 'applicationTaskExecutor'
2019-09-08 17:36:51 [Thread-230] INFO  o.s.o.j.LocalContainerEntityManagerFactoryBean - Closing JPA EntityManagerFactory for persistence unit 'default'
2019-09-08 17:36:51 [Thread-230] INFO  com.zaxxer.hikari.HikariDataSource - HikariPool-40 - Shutdown initiated...
2019-09-08 17:36:51 [Thread-230] INFO  com.zaxxer.hikari.HikariDataSource - HikariPool-40 - Shutdown completed.
2019-09-08 17:36:51 [restartedMain] INFO  i.s.p.ProjectmanagerApplication - Starting ProjectmanagerApplication on LAPTOP-460LOMEB with PID 5684 (started by alokt in C:\FSE\Final Project\projectmanager\projectmanager)
2019-09-08 17:36:51 [restartedMain] INFO  i.s.p.ProjectmanagerApplication - No active profile set, falling back to default profiles: default
2019-09-08 17:36:52 [restartedMain] INFO  o.s.d.r.c.RepositoryConfigurationDelegate - Bootstrapping Spring Data repositories in DEFAULT mode.
2019-09-08 17:36:52 [restartedMain] INFO  o.s.d.r.c.RepositoryConfigurationDelegate - Finished Spring Data repository scanning in 17ms. Found 4 repository interfaces.
2019-09-08 17:36:52 [restartedMain] INFO  o.s.c.s.PostProcessorRegistrationDelegate$BeanPostProcessorChecker - Bean 'org.springframework.transaction.annotation.ProxyTransactionManagementConfiguration' of type [org.springframework.transaction.annotation.ProxyTransactionManagementConfiguration$$EnhancerBySpringCGLIB$$7d4f46fe] is not eligible for getting processed by all BeanPostProcessors (for example: not eligible for auto-proxying)
2019-09-08 17:36:52 [restartedMain] INFO  o.s.b.w.e.tomcat.TomcatWebServer - Tomcat initialized with port(s): 8096 (http)
2019-09-08 17:36:52 [restartedMain] INFO  o.a.catalina.core.StandardService - Starting service [Tomcat]
2019-09-08 17:36:52 [restartedMain] INFO  o.a.catalina.core.StandardEngine - Starting Servlet engine: [Apache Tomcat/9.0.22]
2019-09-08 17:36:52 [restartedMain] INFO  o.a.c.c.C.[Tomcat-2].[localhost].[/] - Initializing Spring embedded WebApplicationContext
2019-09-08 17:36:52 [restartedMain] INFO  o.s.web.context.ContextLoader - Root WebApplicationContext: initialization completed in 383 ms
2019-09-08 17:36:52 [restartedMain] INFO  com.zaxxer.hikari.HikariDataSource - HikariPool-41 - Starting...
2019-09-08 17:36:52 [restartedMain] WARN  c.z.hikari.util.DriverDataSource - Registered driver with driverClassName=com.mysql.jdbc.Driver was not found, trying direct instantiation.
2019-09-08 17:36:52 [restartedMain] INFO  com.zaxxer.hikari.HikariDataSource - HikariPool-41 - Start completed.
2019-09-08 17:36:52 [restartedMain] INFO  o.h.jpa.internal.util.LogHelper - HHH000204: Processing PersistenceUnitInfo [
	name: default
	...]
2019-09-08 17:36:52 [restartedMain] INFO  org.hibernate.dialect.Dialect - HHH000400: Using dialect: org.hibernate.dialect.MySQL5InnoDBDialect
2019-09-08 17:36:52 [restartedMain] INFO  o.s.o.j.LocalContainerEntityManagerFactoryBean - Initialized JPA EntityManagerFactory for persistence unit 'default'
2019-09-08 17:36:52 [restartedMain] INFO  o.s.s.c.ThreadPoolTaskExecutor - Initializing ExecutorService 'applicationTaskExecutor'
2019-09-08 17:36:52 [restartedMain] WARN  o.s.b.a.o.j.JpaBaseConfiguration$JpaWebConfiguration$JpaWebMvcConfiguration - spring.jpa.open-in-view is enabled by default. Therefore, database queries may be performed during view rendering. Explicitly configure spring.jpa.open-in-view to disable this warning
2019-09-08 17:36:52 [restartedMain] WARN  o.s.b.d.a.OptionalLiveReloadServer - Unable to start LiveReload server
2019-09-08 17:36:52 [restartedMain] INFO  o.s.b.w.e.tomcat.TomcatWebServer - Tomcat started on port(s): 8096 (http) with context path ''
2019-09-08 17:36:52 [restartedMain] INFO  i.s.p.ProjectmanagerApplication - Started ProjectmanagerApplication in 0.684 seconds (JVM running for 182487.514)
2019-09-08 17:36:52 [restartedMain] INFO  o.s.b.d.a.ConditionEvaluationDeltaLoggingListener - Condition evaluation unchanged
2019-09-08 17:37:48 [Thread-236] INFO  o.s.s.c.ThreadPoolTaskExecutor - Shutting down ExecutorService 'applicationTaskExecutor'
2019-09-08 17:37:48 [Thread-236] INFO  o.s.o.j.LocalContainerEntityManagerFactoryBean - Closing JPA EntityManagerFactory for persistence unit 'default'
2019-09-08 17:37:48 [Thread-236] INFO  com.zaxxer.hikari.HikariDataSource - HikariPool-41 - Shutdown initiated...
2019-09-08 17:37:48 [Thread-236] INFO  com.zaxxer.hikari.HikariDataSource - HikariPool-41 - Shutdown completed.
2019-09-08 17:37:48 [restartedMain] INFO  i.s.p.ProjectmanagerApplication - Starting ProjectmanagerApplication on LAPTOP-460LOMEB with PID 5684 (started by alokt in C:\FSE\Final Project\projectmanager\projectmanager)
2019-09-08 17:37:48 [restartedMain] INFO  i.s.p.ProjectmanagerApplication - No active profile set, falling back to default profiles: default
2019-09-08 17:37:49 [restartedMain] INFO  o.s.d.r.c.RepositoryConfigurationDelegate - Bootstrapping Spring Data repositories in DEFAULT mode.
2019-09-08 17:37:49 [restartedMain] INFO  o.s.d.r.c.RepositoryConfigurationDelegate - Finished Spring Data repository scanning in 18ms. Found 4 repository interfaces.
2019-09-08 17:37:49 [restartedMain] INFO  o.s.c.s.PostProcessorRegistrationDelegate$BeanPostProcessorChecker - Bean 'org.springframework.transaction.annotation.ProxyTransactionManagementConfiguration' of type [org.springframework.transaction.annotation.ProxyTransactionManagementConfiguration$$EnhancerBySpringCGLIB$$7d4f46fe] is not eligible for getting processed by all BeanPostProcessors (for example: not eligible for auto-proxying)
2019-09-08 17:37:49 [restartedMain] INFO  o.s.b.w.e.tomcat.TomcatWebServer - Tomcat initialized with port(s): 8096 (http)
2019-09-08 17:37:49 [restartedMain] INFO  o.a.catalina.core.StandardService - Starting service [Tomcat]
2019-09-08 17:37:49 [restartedMain] INFO  o.a.catalina.core.StandardEngine - Starting Servlet engine: [Apache Tomcat/9.0.22]
2019-09-08 17:37:49 [restartedMain] INFO  o.a.c.c.C.[Tomcat-2].[localhost].[/] - Initializing Spring embedded WebApplicationContext
2019-09-08 17:37:49 [restartedMain] INFO  o.s.web.context.ContextLoader - Root WebApplicationContext: initialization completed in 437 ms
2019-09-08 17:37:49 [restartedMain] INFO  com.zaxxer.hikari.HikariDataSource - HikariPool-42 - Starting...
2019-09-08 17:37:49 [restartedMain] WARN  c.z.hikari.util.DriverDataSource - Registered driver with driverClassName=com.mysql.jdbc.Driver was not found, trying direct instantiation.
2019-09-08 17:37:49 [restartedMain] INFO  com.zaxxer.hikari.HikariDataSource - HikariPool-42 - Start completed.
2019-09-08 17:37:49 [restartedMain] INFO  o.h.jpa.internal.util.LogHelper - HHH000204: Processing PersistenceUnitInfo [
	name: default
	...]
2019-09-08 17:37:49 [restartedMain] INFO  org.hibernate.dialect.Dialect - HHH000400: Using dialect: org.hibernate.dialect.MySQL5InnoDBDialect
2019-09-08 17:37:49 [restartedMain] INFO  o.s.o.j.LocalContainerEntityManagerFactoryBean - Initialized JPA EntityManagerFactory for persistence unit 'default'
2019-09-08 17:37:49 [restartedMain] INFO  o.s.s.c.ThreadPoolTaskExecutor - Initializing ExecutorService 'applicationTaskExecutor'
2019-09-08 17:37:49 [restartedMain] WARN  o.s.b.a.o.j.JpaBaseConfiguration$JpaWebConfiguration$JpaWebMvcConfiguration - spring.jpa.open-in-view is enabled by default. Therefore, database queries may be performed during view rendering. Explicitly configure spring.jpa.open-in-view to disable this warning
2019-09-08 17:37:49 [restartedMain] WARN  o.s.b.d.a.OptionalLiveReloadServer - Unable to start LiveReload server
2019-09-08 17:37:49 [restartedMain] INFO  o.s.b.w.e.tomcat.TomcatWebServer - Tomcat started on port(s): 8096 (http) with context path ''
2019-09-08 17:37:49 [restartedMain] INFO  i.s.p.ProjectmanagerApplication - Started ProjectmanagerApplication in 0.742 seconds (JVM running for 182544.568)
2019-09-08 17:37:49 [restartedMain] INFO  o.s.b.d.a.ConditionEvaluationDeltaLoggingListener - Condition evaluation unchanged
2019-09-08 17:38:00 [Thread-242] INFO  o.s.s.c.ThreadPoolTaskExecutor - Shutting down ExecutorService 'applicationTaskExecutor'
2019-09-08 17:38:00 [Thread-242] INFO  o.s.o.j.LocalContainerEntityManagerFactoryBean - Closing JPA EntityManagerFactory for persistence unit 'default'
2019-09-08 17:38:00 [Thread-242] INFO  com.zaxxer.hikari.HikariDataSource - HikariPool-42 - Shutdown initiated...
2019-09-08 17:38:00 [Thread-242] INFO  com.zaxxer.hikari.HikariDataSource - HikariPool-42 - Shutdown completed.
2019-09-08 17:38:00 [restartedMain] INFO  i.s.p.ProjectmanagerApplication - Starting ProjectmanagerApplication on LAPTOP-460LOMEB with PID 5684 (started by alokt in C:\FSE\Final Project\projectmanager\projectmanager)
2019-09-08 17:38:00 [restartedMain] INFO  i.s.p.ProjectmanagerApplication - No active profile set, falling back to default profiles: default
2019-09-08 17:38:00 [restartedMain] INFO  o.s.d.r.c.RepositoryConfigurationDelegate - Bootstrapping Spring Data repositories in DEFAULT mode.
2019-09-08 17:38:00 [restartedMain] INFO  o.s.d.r.c.RepositoryConfigurationDelegate - Finished Spring Data repository scanning in 23ms. Found 4 repository interfaces.
2019-09-08 17:38:00 [restartedMain] INFO  o.s.c.s.PostProcessorRegistrationDelegate$BeanPostProcessorChecker - Bean 'org.springframework.transaction.annotation.ProxyTransactionManagementConfiguration' of type [org.springframework.transaction.annotation.ProxyTransactionManagementConfiguration$$EnhancerBySpringCGLIB$$7d4f46fe] is not eligible for getting processed by all BeanPostProcessors (for example: not eligible for auto-proxying)
2019-09-08 17:38:00 [restartedMain] INFO  o.s.b.w.e.tomcat.TomcatWebServer - Tomcat initialized with port(s): 8096 (http)
2019-09-08 17:38:00 [restartedMain] INFO  o.a.catalina.core.StandardService - Starting service [Tomcat]
2019-09-08 17:38:00 [restartedMain] INFO  o.a.catalina.core.StandardEngine - Starting Servlet engine: [Apache Tomcat/9.0.22]
2019-09-08 17:38:00 [restartedMain] INFO  o.a.c.c.C.[Tomcat-2].[localhost].[/] - Initializing Spring embedded WebApplicationContext
2019-09-08 17:38:00 [restartedMain] INFO  o.s.web.context.ContextLoader - Root WebApplicationContext: initialization completed in 396 ms
2019-09-08 17:38:00 [restartedMain] INFO  com.zaxxer.hikari.HikariDataSource - HikariPool-43 - Starting...
2019-09-08 17:38:00 [restartedMain] WARN  c.z.hikari.util.DriverDataSource - Registered driver with driverClassName=com.mysql.jdbc.Driver was not found, trying direct instantiation.
2019-09-08 17:38:00 [restartedMain] INFO  com.zaxxer.hikari.HikariDataSource - HikariPool-43 - Start completed.
2019-09-08 17:38:00 [restartedMain] INFO  o.h.jpa.internal.util.LogHelper - HHH000204: Processing PersistenceUnitInfo [
	name: default
	...]
2019-09-08 17:38:00 [restartedMain] INFO  org.hibernate.dialect.Dialect - HHH000400: Using dialect: org.hibernate.dialect.MySQL5InnoDBDialect
2019-09-08 17:38:01 [restartedMain] INFO  o.s.o.j.LocalContainerEntityManagerFactoryBean - Initialized JPA EntityManagerFactory for persistence unit 'default'
2019-09-08 17:38:01 [restartedMain] INFO  o.s.s.c.ThreadPoolTaskExecutor - Initializing ExecutorService 'applicationTaskExecutor'
2019-09-08 17:38:01 [restartedMain] WARN  o.s.b.a.o.j.JpaBaseConfiguration$JpaWebConfiguration$JpaWebMvcConfiguration - spring.jpa.open-in-view is enabled by default. Therefore, database queries may be performed during view rendering. Explicitly configure spring.jpa.open-in-view to disable this warning
2019-09-08 17:38:01 [restartedMain] WARN  o.s.b.d.a.OptionalLiveReloadServer - Unable to start LiveReload server
2019-09-08 17:38:01 [restartedMain] INFO  o.s.b.w.e.tomcat.TomcatWebServer - Tomcat started on port(s): 8096 (http) with context path ''
2019-09-08 17:38:01 [restartedMain] INFO  i.s.p.ProjectmanagerApplication - Started ProjectmanagerApplication in 0.712 seconds (JVM running for 182556.249)
2019-09-08 17:38:01 [restartedMain] INFO  o.s.b.d.a.ConditionEvaluationDeltaLoggingListener - Condition evaluation unchanged
2019-09-08 17:38:01 [http-nio-8096-exec-1] INFO  o.a.c.c.C.[Tomcat-2].[localhost].[/] - Initializing Spring DispatcherServlet 'dispatcherServlet'
2019-09-08 17:38:01 [http-nio-8096-exec-1] INFO  o.s.web.servlet.DispatcherServlet - Initializing Servlet 'dispatcherServlet'
2019-09-08 17:38:01 [http-nio-8096-exec-1] INFO  o.s.web.servlet.DispatcherServlet - Completed initialization in 4 ms
2019-09-08 17:38:01 [http-nio-8096-exec-1] WARN  o.s.w.s.m.s.DefaultHandlerExceptionResolver - Resolved [org.springframework.web.HttpMediaTypeNotSupportedException: Content type 'text/plain;charset=UTF-8' not supported]
2019-09-08 17:38:29 [http-nio-8096-exec-2] WARN  o.s.w.s.m.s.DefaultHandlerExceptionResolver - Resolved [org.springframework.web.HttpMediaTypeNotSupportedException: Content type 'text/plain;charset=UTF-8' not supported]
2019-09-08 17:38:34 [http-nio-8096-exec-3] WARN  o.s.w.s.m.s.DefaultHandlerExceptionResolver - Resolved [org.springframework.web.HttpMediaTypeNotSupportedException: Content type 'text/plain;charset=UTF-8' not supported]
2019-09-08 17:39:11 [http-nio-8096-exec-4] WARN  o.s.w.s.m.s.DefaultHandlerExceptionResolver - Resolved [org.springframework.web.HttpMediaTypeNotSupportedException: Content type 'text/plain;charset=UTF-8' not supported]
2019-09-08 17:39:27 [http-nio-8096-exec-5] WARN  o.s.w.s.m.s.DefaultHandlerExceptionResolver - Resolved [org.springframework.web.HttpRequestMethodNotSupportedException: Request method 'PUT' not supported]
2019-09-08 17:39:35 [http-nio-8096-exec-6] WARN  o.s.w.s.m.s.DefaultHandlerExceptionResolver - Resolved [org.springframework.web.HttpMediaTypeNotSupportedException: Content type 'text/plain;charset=UTF-8' not supported]
2019-09-08 17:41:48 [http-nio-8096-exec-9] WARN  o.s.w.s.m.s.DefaultHandlerExceptionResolver - Resolved [org.springframework.web.HttpMediaTypeNotSupportedException: Content type 'text/plain;charset=UTF-8' not supported]
2019-09-08 17:42:26 [http-nio-8096-exec-10] WARN  o.s.w.s.m.s.DefaultHandlerExceptionResolver - Resolved [org.springframework.web.HttpMediaTypeNotSupportedException: Content type 'text/plain;charset=UTF-8' not supported]
