2019-09-08 19:56:24 [restartedMain] INFO  i.s.p.ProjectmanagerApplication - Starting ProjectmanagerApplication on LAPTOP-460LOMEB with PID 15480 (started by alokt in C:\FSE\Final Project\projectmanager\projectmanager)
2019-09-08 19:56:24 [restartedMain] INFO  i.s.p.ProjectmanagerApplication - No active profile set, falling back to default profiles: default
2019-09-08 19:56:25 [restartedMain] INFO  o.s.d.r.c.RepositoryConfigurationDelegate - Bootstrapping Spring Data repositories in DEFAULT mode.
2019-09-08 19:56:25 [restartedMain] INFO  o.s.d.r.c.RepositoryConfigurationDelegate - Finished Spring Data repository scanning in 41ms. Found 4 repository interfaces.
2019-09-08 19:56:25 [restartedMain] INFO  o.s.c.s.PostProcessorRegistrationDelegate$BeanPostProcessorChecker - Bean 'org.springframework.transaction.annotation.ProxyTransactionManagementConfiguration' of type [org.springframework.transaction.annotation.ProxyTransactionManagementConfiguration$$EnhancerBySpringCGLIB$$9a080e82] is not eligible for getting processed by all BeanPostProcessors (for example: not eligible for auto-proxying)
2019-09-08 19:56:25 [restartedMain] INFO  o.s.b.w.e.tomcat.TomcatWebServer - Tomcat initialized with port(s): 8096 (http)
2019-09-08 19:56:25 [restartedMain] INFO  o.a.catalina.core.StandardService - Starting service [Tomcat]
2019-09-08 19:56:25 [restartedMain] INFO  o.a.catalina.core.StandardEngine - Starting Servlet engine: [Apache Tomcat/9.0.22]
2019-09-08 19:56:25 [restartedMain] INFO  o.a.c.c.C.[Tomcat].[localhost].[/] - Initializing Spring embedded WebApplicationContext
2019-09-08 19:56:25 [restartedMain] INFO  o.s.web.context.ContextLoader - Root WebApplicationContext: initialization completed in 646 ms
2019-09-08 19:56:25 [restartedMain] INFO  com.zaxxer.hikari.HikariDataSource - HikariPool-4 - Starting...
2019-09-08 19:56:25 [restartedMain] WARN  c.z.hikari.util.DriverDataSource - Registered driver with driverClassName=com.mysql.jdbc.Driver was not found, trying direct instantiation.
2019-09-08 19:56:25 [restartedMain] INFO  com.zaxxer.hikari.HikariDataSource - HikariPool-4 - Start completed.
2019-09-08 19:56:25 [restartedMain] INFO  o.h.jpa.internal.util.LogHelper - HHH000204: Processing PersistenceUnitInfo [
	name: default
	...]
2019-09-08 19:56:25 [restartedMain] INFO  org.hibernate.dialect.Dialect - HHH000400: Using dialect: org.hibernate.dialect.MySQL5InnoDBDialect
2019-09-08 19:56:25 [restartedMain] INFO  o.s.o.j.LocalContainerEntityManagerFactoryBean - Initialized JPA EntityManagerFactory for persistence unit 'default'
2019-09-08 19:56:25 [restartedMain] INFO  o.s.s.c.ThreadPoolTaskExecutor - Initializing ExecutorService 'applicationTaskExecutor'
2019-09-08 19:56:25 [restartedMain] WARN  o.s.b.a.o.j.JpaBaseConfiguration$JpaWebConfiguration$JpaWebMvcConfiguration - spring.jpa.open-in-view is enabled by default. Therefore, database queries may be performed during view rendering. Explicitly configure spring.jpa.open-in-view to disable this warning
2019-09-08 19:56:25 [restartedMain] WARN  o.s.b.d.a.OptionalLiveReloadServer - Unable to start LiveReload server
2019-09-08 19:56:25 [restartedMain] INFO  o.s.b.w.e.tomcat.TomcatWebServer - Tomcat started on port(s): 8096 (http) with context path ''
2019-09-08 19:56:25 [restartedMain] INFO  i.s.p.ProjectmanagerApplication - Started ProjectmanagerApplication in 1.118 seconds (JVM running for 294.227)
2019-09-08 19:56:25 [restartedMain] INFO  o.s.b.d.a.ConditionEvaluationDeltaLoggingListener - Condition evaluation unchanged
